<?xml version="1.0" encoding="utf-8"?><testsuite name="sir-rules-governance" tests="12" failures="0" errors="0" skipped="0"><testcase name="canonical-receipt"/><testcase name="closed-evidence-states"/><testcase name="fixed-point-provenance"/><testcase name="pr-mutations"/><testcase name="ship-mutations"/><testcase name="runtime-parity"/><testcase name="package-identity"/><testcase name="historical-replay"/><testcase name="production-journey"/><testcase name="per-rule-evidence"/><testcase name="profile-invariance"/><testcase name="protected-boundary"/></testsuite>
