<?xml version="1.0" encoding="UTF-8"?>
<testsuites name="scenario-catalog-native" tests="1" failures="0" errors="0" skipped="0" time="9"><testsuite name="scenario-catalog-native" tests="1" failures="0" errors="0" skipped="0" time="9"><testcase name="scenario-catalog-native" classname="SIR.Item184" time="9"/><system-out><![CDATA[Scenario catalog qualification: 7 packages, 76 units, 18857 canonical bytes, fingerprint 56b8023649b00747d6ba05193aea57bc8c703906538d75ec42121414cb22e8d0|2cad08ddd8bc7a5dc7929cd7a38aac2df0fd34d417dae72910da4b8c39314516|fecb862504854e0fee3a8851af930368a66d1d8405a20d7cafcef65fd2a2627d|ed9445c52b259c0e393a1dc902b5545f4db62a7e677765d7248eba6a1af29387|0d1e8272ef25dbef300611a92e21014564ff7c1616db516bf5421326f2d5d135|f47543439f2919ff9f9b77babb5e206b816a197fd3eeebbf0763fe8a6a0babbe|62a7865dee0b28cf855a7a6e978aea8bb53c8d4ec16b6a44993bff06228e4be1.
Scenario catalog structural counters: scenarios=1 maps=1 map=80x80 units=200 edges=0 zones=2 simulationTicks=8 events=1565 checkpoints=2 pathExpansions=1602 peakLosSamples=80 peakCombatResolutions=90 projectionFrames=9 sceneNodes=6601.
Scenario catalog PERF-SMOKE: p95 2.965 ms, p99 3.514 ms, samples [0.671,2.061,1.282,2.978,0.966,1.865,0.842,1.115,0.944,1.263,2.763,0.95,1.855,1.501,0.424,0.918,1.273,2.985,0.943,1.833,1.563,0.405,0.916,1.258,2.759,0.927,2.483,0.839,0.397,0.924,1.243,2.965,0.937,2.498,0.835,0.413,0.919,1.241,2.75,0.936,2.463,0.839,0.406,0.918,1.238,3.011,1.666,1.851,0.836,0.404,0.914,1.237,2.758,1.579,1.842,0.832,0.41,0.919,1.239,3.682,0.935,1.84,0.823,0.401,0.894,1.23,3.514,0.933,1.822,0.815,0.392,0.894,1.22,3.345,0.923,1.805,0.812,0.397,0.891,1.867,2.883,0.936,1.804,0.811,0.39,0.894,1.913,2.725,0.932,1.794,0.803,0.395,0.888,1.788,2.889,0.936,1.823,0.82,0.387,1.563,1.234,2.762,0.922,1.827,0.809,1.034,0.915,1.256,3.012,0.93,1.837,1.468,0.41,0.9,1.246,2.737,0.927,1.835,1.434,0.404,0.905,1.252,2.878,0.926,2.431,0.823,0.387,0.913,1.227,2.707,0.909,2.426,0.812,0.4,0.909,1.219,2.862,0.919,2.434,0.831].
Scenario catalog STRESS-SMOKE: workload=scenario-catalog-80x80-200-v1 p95 9.958 ms, p99 13.099 ms, samples [0.592,10.794,0.15,3.176,2.209,4.983,4.145,3.65,4.03,1.898,6.428,0.608,10.03,0.133,3.066,2.366,4.887,5.668,3.67,8.516,1.882,3.843,0.614,10.445,0.091,3.116,1.355,5.608,3.594,3.505,4.256,1.8,3.709,1.482,9.989,3.627,8.764,1.866,6.224,4.17,3.932,3.78,4.082,3.888,0.47,9.958,0.09,3.844,1.293,5.878,2.797,4.654,3.018,3.983,3.789,0.445,9.743,0.088,3.562,1.382,6.117,2.878,4.558,2.977,1.772,6.842,0.439,13.099,0.093,3.678,1.255,6.205,2.74,4.362,3.118,1.797,7.324,0.441,9.701,0.084,3.015,2.177,4.735,4.036,3.513,6.356,1.756,4.75,0.455,9.616,0.094,3.079,2.185,4.912,3.947,3.351,3.852,1.779,3.525,0.452,11.495,0.088,3.044,1.274,5.731,3.359,3.368,3.049,3.558,3.59,0.46,9.341,0.088,3.987,1.378,5.865,2.87,4.899,3.151,2.822,3.646,0.476,10.738,0.119,3.659,1.362,6.251,2.832,4.369,3.075,1.713,6.488,0.4,8.631,0.09,3.535,1.362,6.444,3.27,6.849,3.315,1.861,5.482,1.078,10.18,0.09,3.245,2.981,5.982,4.517,4.658,5.437,2.068,5.696,0.409,13.14,0.083,3.206,2.158,5.162,4.42,4.507,6.031,2.098,4.213,0.401,16.858,0.085,3.075,1.304,6.742,3.34,3.193,4.138,1.647,3.419,0.763,9.293,0.092,3.913,1.285,5.22,3.922,3.26,3.025,9.914,3.633,0.409,8.838,0.075,3.947,1.287,5.917,2.812,4.86,2.966,1.778,5.11,0.398,8.66,0.075,3.724,1.297,5.736,2.711,4.214,2.898,1.726,6.32,0.443,10.911,0.077,3.687,1.271,5.475,2.787,4.108,3.001,1.769,6.489].]]></system-out></testsuite></testsuites>
