<?xml version="1.0" encoding="UTF-8"?>
<testsuites name="scenario-catalog-native" tests="1" failures="0" errors="0" skipped="0" time="8"><testsuite name="scenario-catalog-native" tests="1" failures="0" errors="0" skipped="0" time="8"><testcase name="scenario-catalog-native" classname="SIR.Item184" time="8"/><system-out><![CDATA[Scenario catalog qualification: 7 packages, 76 units, 18857 canonical bytes, fingerprint 56b8023649b00747d6ba05193aea57bc8c703906538d75ec42121414cb22e8d0|2cad08ddd8bc7a5dc7929cd7a38aac2df0fd34d417dae72910da4b8c39314516|fecb862504854e0fee3a8851af930368a66d1d8405a20d7cafcef65fd2a2627d|ed9445c52b259c0e393a1dc902b5545f4db62a7e677765d7248eba6a1af29387|0d1e8272ef25dbef300611a92e21014564ff7c1616db516bf5421326f2d5d135|f47543439f2919ff9f9b77babb5e206b816a197fd3eeebbf0763fe8a6a0babbe|62a7865dee0b28cf855a7a6e978aea8bb53c8d4ec16b6a44993bff06228e4be1.
Scenario catalog structural counters: scenarios=1 maps=1 map=80x80 units=200 edges=0 zones=2 simulationTicks=8 events=1565 checkpoints=2 pathExpansions=1602 peakLosSamples=80 peakCombatResolutions=90 projectionFrames=9 sceneNodes=6601.
Scenario catalog PERF-SMOKE: p95 5.300 ms, p99 5.362 ms, samples [0.698,1.612,1.934,3.966,1.595,5.293,1.572,0.784,1.592,1.889,3.827,1.587,5.223,1.53,0.412,1.969,1.888,3.419,1.982,5.249,1.483,0.408,1.56,2.299,3.464,2.017,5.281,1.525,0.419,1.569,2.367,3.462,1.62,5.334,1.908,0.41,1.546,1.846,3.89,1.568,5.297,1.559,0.428,1.984,1.89,3.951,1.579,5.185,1.496,0.421,1.977,1.869,3.47,2.046,5.292,1.544,0.41,1.59,2.355,3.467,1.628,5.399,1.952,0.437,1.626,2.419,3.536,1.633,5.312,2.015,0.429,1.639,1.927,3.973,1.618,5.3,1.518,0.406,1.987,1.901,3.371,1.997,5.314,1.511,0.42,2.011,1.895,3.376,2.035,5.301,1.501,0.373,1.594,2.324,3.385,1.579,5.362,1.911,0.4,1.531,1.844,3.815,1.569,5.173,1.5,0.813,1.514,1.791,3.717,1.542,5.1,1.441,0.376,1.951,1.81,3.39,2.078,5.322,1.477,0.368,1.57,2.318,3.323,1.976,5.293,1.457,0.385,1.543,2.308,3.34,1.561,5.188,1.876,0.385,1.534,1.871,3.709,1.559,5.231,1.469].]]></system-out></testsuite></testsuites>
