<?xml version="1.0" encoding="utf-8"?>
<TestRun id="19200000-0000-0000-0000-000000000001" name="tactical visual focused qualification" xmlns="http://microsoft.com/schemas/VisualStudio/TeamTest/2010">
  <Results>
    <UnitTestResult executionId="19200000-0000-0000-0000-000000000011" testId="19200000-0000-0000-0000-000000000021" testName="Release Client final 100/200 state exposes two distinct simultaneous route geometries with attack movement and lifecycle variety" outcome="Passed" />
    <UnitTestResult executionId="19200000-0000-0000-0000-000000000012" testId="19200000-0000-0000-0000-000000000022" testName="map editor native and contenteditable keyboard ownership passes" outcome="Passed" />
    <UnitTestResult executionId="19200000-0000-0000-0000-000000000013" testId="19200000-0000-0000-0000-000000000023" testName="two independent raw deterministic-mode exact-bundle PNG and manifest captures reproduce byte-for-byte without normalization" outcome="Passed" />
    <UnitTestResult executionId="19200000-0000-0000-0000-000000000014" testId="19200000-0000-0000-0000-000000000024" testName="all ten full browser sample journeys await the real deferred Samples owner" outcome="Passed" />
    <UnitTestResult executionId="19200000-0000-0000-0000-000000000015" testId="19200000-0000-0000-0000-000000000025" testName="keyboard lifecycle stylesheet sample-faction workload retention and production one-route mutations fail closed" outcome="Passed" />
    <UnitTestResult executionId="19200000-0000-0000-0000-000000000016" testId="19200000-0000-0000-0000-000000000026" testName="production delivery initial route passes with unchanged 1250000-byte budget" outcome="Passed" />
    <UnitTestResult executionId="19200000-0000-0000-0000-000000000017" testId="19200000-0000-0000-0000-000000000027" testName="map editor bundle-bound visual review passes" outcome="Passed" />
    <UnitTestResult executionId="19200000-0000-0000-0000-000000000018" testId="19200000-0000-0000-0000-000000000028" testName="persistent workspace bundle-bound acceptance passes" outcome="Passed" />
  </Results>
  <ResultSummary outcome="Completed">
    <Counters total="8" executed="8" passed="8" failed="0" error="0" timeout="0" aborted="0" inconclusive="0" notExecuted="0" />
  </ResultSummary>
</TestRun>
