<?xml version="1.0" encoding="utf-8"?>
<TestRun id="19200000-0000-0000-0000-000000000001" name="tactical visual focused qualification" xmlns="http://microsoft.com/schemas/VisualStudio/TeamTest/2010">
  <Results>
    <UnitTestResult executionId="19200000-0000-0000-0000-000000000011" testId="19200000-0000-0000-0000-000000000021" testName="Release Client tactical scene qualification passes" outcome="Passed" />
    <UnitTestResult executionId="19200000-0000-0000-0000-000000000012" testId="19200000-0000-0000-0000-000000000022" testName="production tactical visual system preserves causal feedback under reduced motion" outcome="Passed" />
    <UnitTestResult executionId="19200000-0000-0000-0000-000000000013" testId="19200000-0000-0000-0000-000000000023" testName="exact bundle tactical visual review passes" outcome="Passed" />
    <UnitTestResult executionId="19200000-0000-0000-0000-000000000014" testId="19200000-0000-0000-0000-000000000024" testName="persistent client smoke accepts exact tactical layer contract" outcome="Passed" />
  </Results>
  <ResultSummary outcome="Completed">
    <Counters total="4" executed="4" passed="4" failed="0" error="0" timeout="0" aborted="0" inconclusive="0" notExecuted="0" />
  </ResultSummary>
</TestRun>
