<?xml version="1.0" encoding="UTF-8"?>
<testsuites tests="1" failures="1" skipped="0">
 <testsuite name="sir-browser" tests="1" failures="1" skipped="0">
  <testcase classname="visible-workflows.spec.js" name="View analysis overlays share pointer and keyboard commands and restore independently">
    <failure message="Error: expect(received).toBe(expected) // Object.is equality

Expected: &quot;3px&quot;
Received: &quot;2px&quot;

Call Log:
- Timeout 5000ms exceeded while waiting on the predicate">Error: expect(received).toBe(expected) // Object.is equality

Expected: &quot;3px&quot;
Received: &quot;2px&quot;

Call Log:
- Timeout 5000ms exceeded while waiting on the predicate</failure>
  </testcase>
 </testsuite>
</testsuites>
