<?xml version="1.0" encoding="UTF-8"?>
<testsuites tests="1" failures="1" skipped="0">
 <testsuite name="item-183-authoritative-identity-inversion" tests="1" failures="1" skipped="0">
  <testcase classname="TacticalSceneProjectionQualification" name="authoritative overlay identity selects the exact layer">
   <failure message="Exact LOS overlay approximated or discarded authoritative corner/door evidence.">Subject mutation: changed the injected authoritative route OverlayId from spatial.exact-los to movement.planned-routes while retaining the expected identity. Release qualification failed at TacticalSceneProjectionQualification.fs:1060.</failure>
  </testcase>
 </testsuite>
</testsuites>
