<?xml version="1.0" encoding="UTF-8"?>
<testsuites name="tactical-overlays-native" tests="1" failures="0" errors="0" skipped="0" time="32"><testsuite name="tactical-overlays-native" tests="1" failures="0" errors="0" skipped="0" time="32"><testcase name="tactical-overlays-native" classname="SIR.Item183" time="32"/><system-out><![CDATA[Tactical scene projection qualification passed: validated replay owners, overlay registry/disclosure/exact LOS/preference/order/bounds, dense p95 4.625/5.074/0.962/0.473/overlay 11.989 ms, allocations 1794704/1755096/681072/223528 bytes.]]></system-out></testsuite></testsuites>
