<?xml version="1.0" encoding="UTF-8"?>
<testsuites tests="1" failures="1" skipped="0">
 <testsuite name="sir-browser" tests="1" failures="1" skipped="0">
  <testcase classname="visible-workflows.spec.js" name="View analysis overlays share pointer and keyboard commands and restore independently">
    <failure message="Error: expect(locator).toHaveAttribute(expected) failed

Locator: getByRole(&apos;menuitemcheckbox&apos;, { name: /Exact line of sight/ })
Expected: &quot;false&quot;
Timeout: 5000ms
Error: element(s) not found

Call log:
  - Expect &quot;toHaveAttribute&quot; with timeout 5000ms
  - waiting for getByRole(&apos;menuitemcheckbox&apos;, { name: /Exact line of sight/ })">Error: expect(locator).toHaveAttribute(expected) failed

Locator: getByRole(&apos;menuitemcheckbox&apos;, { name: /Exact line of sight/ })
Expected: &quot;false&quot;
Timeout: 5000ms
Error: element(s) not found

Call log:
  - Expect &quot;toHaveAttribute&quot; with timeout 5000ms
  - waiting for getByRole(&apos;menuitemcheckbox&apos;, { name: /Exact line of sight/ })</failure>
  </testcase>
 </testsuite>
</testsuites>
