<?xml version="1.0" encoding="UTF-8"?>
<testsuites name="tactical-overlays-native" tests="1" failures="0" errors="0" skipped="0" time="33"><testsuite name="tactical-overlays-native" tests="1" failures="0" errors="0" skipped="0" time="33"><testcase name="tactical-overlays-native" classname="SIR.Item183" time="33"/><system-out><![CDATA[Tactical scene projection qualification passed: validated replay owners, overlay registry/disclosure/exact LOS/preference/order/bounds, dense p95 5.384/5.205/0.944/0.407/overlay 12.101 ms, allocations 1793104/1755096/655472/221920 bytes.]]></system-out></testsuite></testsuites>
