<?xml version="1.0" encoding="UTF-8"?>
<testsuites tests="5" failures="0" skipped="0"><testsuite name="spatial-cache-knowledge" tests="5" failures="0" skipped="0">
<properties><property name="producer" value="scripts/generate-item-180-evidence.sh"/><property name="command" value="./scripts/verify-spatial-query.sh"/></properties>
<testcase classname="SpatialQueryFixtures" name="cache keys bind immutable map rules spatial profile footprint and knowledge revisions"/>
<testcase classname="SpatialQueryFixtures" name="cached and uncached public bytes are identical"/>
<testcase classname="SpatialQueryFixtures" name="cache hits do not mutate caller-owned cache state"/>
<testcase classname="SpatialQueryFixtures" name="dependency invalidation removes affected entries and retains unrelated entries"/>
<testcase classname="SpatialQueryFixtures" name="knowledge-indistinguishable projected worlds have identical public observations"/>
</testsuite></testsuites>
