<?xml version="1.0" encoding="UTF-8"?>
<testsuites tests="2" failures="0" skipped="0"><testsuite name="spatial-integration-authority" tests="2" failures="0" skipped="0">
<properties><property name="producer" value="scripts/generate-item-180-evidence.sh"/><property name="command" value="./scripts/verify-spatial-query.sh"/></properties>
<testcase classname="SpatialAuthority" name="web F sharp source contains no direct authoritative Game.Core geometry call"/>
<testcase classname="SpatialAuthority" name="handwritten JavaScript and TypeScript contain no copied LOS or A star implementation"/>
</testsuite></testsuites>
