<?xml version="1.0" encoding="UTF-8"?>
<testsuites tests="1" failures="0" skipped="0"><testsuite name="spatial-cache-knowledge" tests="1" failures="0" skipped="0">
<properties><property name="producer" value="scripts/generate-item-180-evidence.sh"/><property name="command" value="./scripts/verify-spatial-query.sh"/></properties>
<testcase classname="SpatialQueryFixtures" name="the shared fixture executes cache hit byte parity blocker dependency invalidation profile-key and projected-knowledge assertions"/>
</testsuite></testsuites>
