<?xml version="1.0" encoding="UTF-8"?>
<testsuites tests="5" failures="0" skipped="0"><testsuite name="spatial-integration-authority" tests="5" failures="0" skipped="0">
<properties><property name="producer" value="scripts/generate-item-180-evidence.sh"/><property name="command" value="./scripts/verify-spatial-query.sh"/></properties>
<testcase classname="SpatialAuthority" name="product spatial authority is implemented in shared F sharp"/>
<testcase classname="SpatialAuthority" name="client contains no direct authoritative Game.Core geometry calls"/>
<testcase classname="SpatialAuthority" name="JavaScript and TypeScript contain no copied LOS or A star implementation"/>
<testcase classname="SpatialAuthority" name="package identity and source symbol are present in public explanations"/>
<testcase classname="SpatialAuthority" name="outside-slice behavior remains classified and unchanged"/>
</testsuite></testsuites>
