<?xml version="1.0" encoding="UTF-8"?>
<testsuites name="in-app-docs-fable-production" tests="2" failures="0" errors="0" skipped="0" time="44.0"><testsuite name="npm run build:client" tests="2" failures="0" errors="0" skipped="0" time="44.0"><testcase name="release-fable-client-compiles" classname="SIR.Item185.Fable"/><testcase name="production-manifest-and-eight-mutations-pass" classname="SIR.Item185.Fable"/><system-out><![CDATA[Fable 5.13.0 compiled the production client; Vite emitted the production artifact; client manifest qualified 83 pages, 4 API identities, 8 sources, and all named inversions.]]></system-out></testsuite></testsuites>
