<?xml version="1.0" encoding="UTF-8"?>
<testsuites name="in-app-docs-performance" tests="5" failures="0" errors="0" skipped="0" time="0"><testsuite name="production DOM and construction measurement" tests="5" failures="0" errors="0" skipped="0" time="0"><testcase name="actual-production-dom-242-under-6000" classname="SIR.Item185.Performance"/><testcase name="full-construction-p95-11.417ms-under-50ms" classname="SIR.Item185.Performance"/><testcase name="representative-search-p95-0.883ms-under-20ms" classname="SIR.Item185.Performance"/><testcase name="actual-dom-cap-241-mutation-rejected" classname="SIR.Item185.Performance"/><testcase name="construction-cap-0.001ms-mutation-rejected" classname="SIR.Item185.Performance"/><system-out><![CDATA[Headless Chromium measured; live compositor not measured. Baseline retained in performance-after.json; both real-subject inversions exited 1.]]></system-out></testsuite></testsuites>
