<?xml version="1.0" encoding="UTF-8"?>
<testsuites name="in-app-docs-manifest" tests="8" failures="0" errors="0" skipped="0" time="0.6"><testsuite name="node scripts/test-in-app-docs.mjs artifacts/client" tests="8" failures="0" errors="0" skipped="0" time="0.6"><testcase name="unreadable-input-rejected" classname="SIR.Item185.Manifest"/><testcase name="duplicate-slug-rejected" classname="SIR.Item185.Manifest"/><testcase name="broken-related-rejected" classname="SIR.Item185.Manifest"/><testcase name="unsafe-block-kind-rejected" classname="SIR.Item185.Manifest"/><testcase name="stale-source-identity-rejected" classname="SIR.Item185.Manifest"/><testcase name="broken-heading-anchor-rejected" classname="SIR.Item185.Manifest"/><testcase name="broken-link-anchor-rejected" classname="SIR.Item185.Manifest"/><testcase name="out-of-range-source-line-rejected" classname="SIR.Item185.Manifest"/><system-out><![CDATA[83 metadata/API pages; 4 selected FsDocs API identities; 8 exact source mappings; LOS/cover/armor qualified.]]></system-out></testsuite></testsuites>
