<?xml version="1.0" encoding="UTF-8"?>
<testsuites tests="28" failures="0" errors="0" skipped="0"><testsuite name="svg-pipeline-production-chromium" tests="28" failures="0" errors="0" skipped="0"><testcase classname="representative-visible-100" name="idle"/><testcase classname="representative-visible-100" name="playback"/><testcase classname="representative-visible-100" name="pan"/><testcase classname="representative-visible-100" name="zoom"/><testcase classname="representative-visible-100" name="selection"/><testcase classname="representative-visible-100" name="modality-transition"/><testcase classname="representative-visible-100" name="dense-overlay"/><testcase classname="global-small-viewport" name="idle"/><testcase classname="global-small-viewport" name="playback"/><testcase classname="global-small-viewport" name="pan"/><testcase classname="global-small-viewport" name="zoom"/><testcase classname="global-small-viewport" name="selection"/><testcase classname="global-small-viewport" name="modality-transition"/><testcase classname="global-small-viewport" name="dense-overlay"/><testcase classname="global-large-small-viewport" name="idle"/><testcase classname="global-large-small-viewport" name="playback"/><testcase classname="global-large-small-viewport" name="pan"/><testcase classname="global-large-small-viewport" name="zoom"/><testcase classname="global-large-small-viewport" name="selection"/><testcase classname="global-large-small-viewport" name="modality-transition"/><testcase classname="global-large-small-viewport" name="dense-overlay"/><testcase classname="dense-overlay-200" name="idle"/><testcase classname="dense-overlay-200" name="playback"/><testcase classname="dense-overlay-200" name="pan"/><testcase classname="dense-overlay-200" name="zoom"/><testcase classname="dense-overlay-200" name="selection"/><testcase classname="dense-overlay-200" name="modality-transition"/><testcase classname="dense-overlay-200" name="dense-overlay"/></testsuite></testsuites>
