<?xml version="1.0" encoding="UTF-8"?>
<testsuites tests="25" failures="0" errors="0" skipped="0"><testsuite name="svg-pipeline-measurement" tests="25" failures="0" errors="0" skipped="0"><testcase name="schema"/><testcase name="journey-inventory"/><testcase name="memory-cycle"/><testcase name="controlled-global-pair"/><testcase name="axis-value"/><testcase name="fixture-capacity"/><testcase name="axis-inventory"/><testcase name="trace-timing"/><testcase name="trace-window"/><testcase name="observed-run"/><testcase name="map-extent-control"/><testcase name="visible-density-control"/><testcase name="global-unit-control"/><testcase name="overlay-control"/><testcase name="event-rate-control"/><testcase name="supporting-list-control"/><testcase name="unique-unit-cells"/><testcase name="production-visible-observation"/><testcase name="production-global-observation"/><testcase name="evidence-candidate-binding"/><testcase name="evidence-digest-binding"/><testcase name="raw-trace-binding"/><testcase name="raw-trace-missing"/><testcase name="raw-trace-changed"/><testcase name="unreadable-input"/></testsuite></testsuites>
