<?xml version="1.0" encoding="UTF-8"?>
<testsuite name="sir-combat-quint-handbook-m3" tests="341" failures="0" errors="0" skipped="0">
  <testcase classname="SIR.HandbookM3" name="authority-projection"/>
  <testcase classname="SIR.HandbookM3" name="sixteen-unique-rule-ids"/>
  <testcase classname="SIR.HandbookM3" name="rule-id-set"/>
  <testcase classname="SIR.HandbookM3" name="dependency-row:CONTENT-WEAPON-RIFLE-001"/>
  <testcase classname="SIR.HandbookM3" name="dependency-excludes:CONTENT-WEAPON-RIFLE-001:CONTENT-BODY-HUMAN-001"/>
  <testcase classname="SIR.HandbookM3" name="dependency-excludes:CONTENT-WEAPON-RIFLE-001:COMBAT-ENGAGEMENT-001"/>
  <testcase classname="SIR.HandbookM3" name="dependency-excludes:CONTENT-WEAPON-RIFLE-001:COMBAT-TRACE-002"/>
  <testcase classname="SIR.HandbookM3" name="dependency-excludes:CONTENT-WEAPON-RIFLE-001:COMBAT-ARMOR-004"/>
  <testcase classname="SIR.HandbookM3" name="dependency-excludes:CONTENT-WEAPON-RIFLE-001:COMBAT-DAMAGE-001"/>
  <testcase classname="SIR.HandbookM3" name="dependency-excludes:CONTENT-WEAPON-RIFLE-001:COMBAT-COLLISION-001"/>
  <testcase classname="SIR.HandbookM3" name="dependency-excludes:CONTENT-WEAPON-RIFLE-001:COMBAT-COVER-003"/>
  <testcase classname="SIR.HandbookM3" name="dependency-excludes:CONTENT-WEAPON-RIFLE-001:COMBAT-PENETRATION-001"/>
  <testcase classname="SIR.HandbookM3" name="dependency-excludes:CONTENT-WEAPON-RIFLE-001:COMBAT-HEALTH-001"/>
  <testcase classname="SIR.HandbookM3" name="dependency-excludes:CONTENT-WEAPON-RIFLE-001:COMBAT-WOUND-001"/>
  <testcase classname="SIR.HandbookM3" name="dependency-excludes:CONTENT-WEAPON-RIFLE-001:COMBAT-SUPPRESSION-001"/>
  <testcase classname="SIR.HandbookM3" name="dependency-excludes:CONTENT-WEAPON-RIFLE-001:COMBAT-SUPPRESSION-RECOVERY-001"/>
  <testcase classname="SIR.HandbookM3" name="dependency-excludes:CONTENT-WEAPON-RIFLE-001:COMBAT-COLLATERAL-001"/>
  <testcase classname="SIR.HandbookM3" name="dependency-excludes:CONTENT-WEAPON-RIFLE-001:COMBAT-COVER-DESTRUCTION-001"/>
  <testcase classname="SIR.HandbookM3" name="dependency-excludes:CONTENT-WEAPON-RIFLE-001:COMBAT-ATTACK-RESOLUTION-001"/>
  <testcase classname="SIR.HandbookM3" name="dependency-row:CONTENT-BODY-HUMAN-001"/>
  <testcase classname="SIR.HandbookM3" name="dependency-excludes:CONTENT-BODY-HUMAN-001:CONTENT-WEAPON-RIFLE-001"/>
  <testcase classname="SIR.HandbookM3" name="dependency-excludes:CONTENT-BODY-HUMAN-001:COMBAT-ENGAGEMENT-001"/>
  <testcase classname="SIR.HandbookM3" name="dependency-excludes:CONTENT-BODY-HUMAN-001:COMBAT-TRACE-002"/>
  <testcase classname="SIR.HandbookM3" name="dependency-excludes:CONTENT-BODY-HUMAN-001:COMBAT-ARMOR-004"/>
  <testcase classname="SIR.HandbookM3" name="dependency-excludes:CONTENT-BODY-HUMAN-001:COMBAT-DAMAGE-001"/>
  <testcase classname="SIR.HandbookM3" name="dependency-excludes:CONTENT-BODY-HUMAN-001:COMBAT-COLLISION-001"/>
  <testcase classname="SIR.HandbookM3" name="dependency-excludes:CONTENT-BODY-HUMAN-001:COMBAT-COVER-003"/>
  <testcase classname="SIR.HandbookM3" name="dependency-excludes:CONTENT-BODY-HUMAN-001:COMBAT-PENETRATION-001"/>
  <testcase classname="SIR.HandbookM3" name="dependency-excludes:CONTENT-BODY-HUMAN-001:COMBAT-HEALTH-001"/>
  <testcase classname="SIR.HandbookM3" name="dependency-excludes:CONTENT-BODY-HUMAN-001:COMBAT-WOUND-001"/>
  <testcase classname="SIR.HandbookM3" name="dependency-excludes:CONTENT-BODY-HUMAN-001:COMBAT-SUPPRESSION-001"/>
  <testcase classname="SIR.HandbookM3" name="dependency-excludes:CONTENT-BODY-HUMAN-001:COMBAT-SUPPRESSION-RECOVERY-001"/>
  <testcase classname="SIR.HandbookM3" name="dependency-excludes:CONTENT-BODY-HUMAN-001:COMBAT-COLLATERAL-001"/>
  <testcase classname="SIR.HandbookM3" name="dependency-excludes:CONTENT-BODY-HUMAN-001:COMBAT-COVER-DESTRUCTION-001"/>
  <testcase classname="SIR.HandbookM3" name="dependency-excludes:CONTENT-BODY-HUMAN-001:COMBAT-ATTACK-RESOLUTION-001"/>
  <testcase classname="SIR.HandbookM3" name="dependency-row:COMBAT-ENGAGEMENT-001"/>
  <testcase classname="SIR.HandbookM3" name="dependency-excludes:COMBAT-ENGAGEMENT-001:CONTENT-WEAPON-RIFLE-001"/>
  <testcase classname="SIR.HandbookM3" name="dependency-excludes:COMBAT-ENGAGEMENT-001:CONTENT-BODY-HUMAN-001"/>
  <testcase classname="SIR.HandbookM3" name="dependency-excludes:COMBAT-ENGAGEMENT-001:COMBAT-TRACE-002"/>
  <testcase classname="SIR.HandbookM3" name="dependency-excludes:COMBAT-ENGAGEMENT-001:COMBAT-ARMOR-004"/>
  <testcase classname="SIR.HandbookM3" name="dependency-excludes:COMBAT-ENGAGEMENT-001:COMBAT-DAMAGE-001"/>
  <testcase classname="SIR.HandbookM3" name="dependency-excludes:COMBAT-ENGAGEMENT-001:COMBAT-COLLISION-001"/>
  <testcase classname="SIR.HandbookM3" name="dependency-excludes:COMBAT-ENGAGEMENT-001:COMBAT-COVER-003"/>
  <testcase classname="SIR.HandbookM3" name="dependency-excludes:COMBAT-ENGAGEMENT-001:COMBAT-PENETRATION-001"/>
  <testcase classname="SIR.HandbookM3" name="dependency-excludes:COMBAT-ENGAGEMENT-001:COMBAT-HEALTH-001"/>
  <testcase classname="SIR.HandbookM3" name="dependency-excludes:COMBAT-ENGAGEMENT-001:COMBAT-WOUND-001"/>
  <testcase classname="SIR.HandbookM3" name="dependency-excludes:COMBAT-ENGAGEMENT-001:COMBAT-SUPPRESSION-001"/>
  <testcase classname="SIR.HandbookM3" name="dependency-excludes:COMBAT-ENGAGEMENT-001:COMBAT-SUPPRESSION-RECOVERY-001"/>
  <testcase classname="SIR.HandbookM3" name="dependency-excludes:COMBAT-ENGAGEMENT-001:COMBAT-COLLATERAL-001"/>
  <testcase classname="SIR.HandbookM3" name="dependency-excludes:COMBAT-ENGAGEMENT-001:COMBAT-COVER-DESTRUCTION-001"/>
  <testcase classname="SIR.HandbookM3" name="dependency-excludes:COMBAT-ENGAGEMENT-001:COMBAT-ATTACK-RESOLUTION-001"/>
  <testcase classname="SIR.HandbookM3" name="dependency-row:COMBAT-TRACE-002"/>
  <testcase classname="SIR.HandbookM3" name="dependency-excludes:COMBAT-TRACE-002:CONTENT-WEAPON-RIFLE-001"/>
  <testcase classname="SIR.HandbookM3" name="dependency-excludes:COMBAT-TRACE-002:CONTENT-BODY-HUMAN-001"/>
  <testcase classname="SIR.HandbookM3" name="dependency-excludes:COMBAT-TRACE-002:COMBAT-ENGAGEMENT-001"/>
  <testcase classname="SIR.HandbookM3" name="dependency-excludes:COMBAT-TRACE-002:COMBAT-ARMOR-004"/>
  <testcase classname="SIR.HandbookM3" name="dependency-excludes:COMBAT-TRACE-002:COMBAT-DAMAGE-001"/>
  <testcase classname="SIR.HandbookM3" name="dependency-excludes:COMBAT-TRACE-002:COMBAT-COLLISION-001"/>
  <testcase classname="SIR.HandbookM3" name="dependency-excludes:COMBAT-TRACE-002:COMBAT-COVER-003"/>
  <testcase classname="SIR.HandbookM3" name="dependency-excludes:COMBAT-TRACE-002:COMBAT-PENETRATION-001"/>
  <testcase classname="SIR.HandbookM3" name="dependency-excludes:COMBAT-TRACE-002:COMBAT-HEALTH-001"/>
  <testcase classname="SIR.HandbookM3" name="dependency-excludes:COMBAT-TRACE-002:COMBAT-WOUND-001"/>
  <testcase classname="SIR.HandbookM3" name="dependency-excludes:COMBAT-TRACE-002:COMBAT-SUPPRESSION-001"/>
  <testcase classname="SIR.HandbookM3" name="dependency-excludes:COMBAT-TRACE-002:COMBAT-SUPPRESSION-RECOVERY-001"/>
  <testcase classname="SIR.HandbookM3" name="dependency-excludes:COMBAT-TRACE-002:COMBAT-COLLATERAL-001"/>
  <testcase classname="SIR.HandbookM3" name="dependency-excludes:COMBAT-TRACE-002:COMBAT-COVER-DESTRUCTION-001"/>
  <testcase classname="SIR.HandbookM3" name="dependency-excludes:COMBAT-TRACE-002:COMBAT-ATTACK-RESOLUTION-001"/>
  <testcase classname="SIR.HandbookM3" name="dependency-row:COMBAT-ARMOR-004"/>
  <testcase classname="SIR.HandbookM3" name="dependency-excludes:COMBAT-ARMOR-004:CONTENT-WEAPON-RIFLE-001"/>
  <testcase classname="SIR.HandbookM3" name="dependency-excludes:COMBAT-ARMOR-004:CONTENT-BODY-HUMAN-001"/>
  <testcase classname="SIR.HandbookM3" name="dependency-excludes:COMBAT-ARMOR-004:COMBAT-ENGAGEMENT-001"/>
  <testcase classname="SIR.HandbookM3" name="dependency-excludes:COMBAT-ARMOR-004:COMBAT-TRACE-002"/>
  <testcase classname="SIR.HandbookM3" name="dependency-excludes:COMBAT-ARMOR-004:COMBAT-DAMAGE-001"/>
  <testcase classname="SIR.HandbookM3" name="dependency-excludes:COMBAT-ARMOR-004:COMBAT-COLLISION-001"/>
  <testcase classname="SIR.HandbookM3" name="dependency-excludes:COMBAT-ARMOR-004:COMBAT-COVER-003"/>
  <testcase classname="SIR.HandbookM3" name="dependency-excludes:COMBAT-ARMOR-004:COMBAT-PENETRATION-001"/>
  <testcase classname="SIR.HandbookM3" name="dependency-excludes:COMBAT-ARMOR-004:COMBAT-HEALTH-001"/>
  <testcase classname="SIR.HandbookM3" name="dependency-excludes:COMBAT-ARMOR-004:COMBAT-WOUND-001"/>
  <testcase classname="SIR.HandbookM3" name="dependency-excludes:COMBAT-ARMOR-004:COMBAT-SUPPRESSION-001"/>
  <testcase classname="SIR.HandbookM3" name="dependency-excludes:COMBAT-ARMOR-004:COMBAT-SUPPRESSION-RECOVERY-001"/>
  <testcase classname="SIR.HandbookM3" name="dependency-excludes:COMBAT-ARMOR-004:COMBAT-COLLATERAL-001"/>
  <testcase classname="SIR.HandbookM3" name="dependency-excludes:COMBAT-ARMOR-004:COMBAT-COVER-DESTRUCTION-001"/>
  <testcase classname="SIR.HandbookM3" name="dependency-excludes:COMBAT-ARMOR-004:COMBAT-ATTACK-RESOLUTION-001"/>
  <testcase classname="SIR.HandbookM3" name="dependency-row:COMBAT-DAMAGE-001"/>
  <testcase classname="SIR.HandbookM3" name="dependency:COMBAT-DAMAGE-001:CONTENT-WEAPON-RIFLE-001"/>
  <testcase classname="SIR.HandbookM3" name="dependency:COMBAT-DAMAGE-001:COMBAT-TRACE-002"/>
  <testcase classname="SIR.HandbookM3" name="dependency:COMBAT-DAMAGE-001:COMBAT-ARMOR-004"/>
  <testcase classname="SIR.HandbookM3" name="dependency-excludes:COMBAT-DAMAGE-001:CONTENT-BODY-HUMAN-001"/>
  <testcase classname="SIR.HandbookM3" name="dependency-excludes:COMBAT-DAMAGE-001:COMBAT-ENGAGEMENT-001"/>
  <testcase classname="SIR.HandbookM3" name="dependency-excludes:COMBAT-DAMAGE-001:COMBAT-COLLISION-001"/>
  <testcase classname="SIR.HandbookM3" name="dependency-excludes:COMBAT-DAMAGE-001:COMBAT-COVER-003"/>
  <testcase classname="SIR.HandbookM3" name="dependency-excludes:COMBAT-DAMAGE-001:COMBAT-PENETRATION-001"/>
  <testcase classname="SIR.HandbookM3" name="dependency-excludes:COMBAT-DAMAGE-001:COMBAT-HEALTH-001"/>
  <testcase classname="SIR.HandbookM3" name="dependency-excludes:COMBAT-DAMAGE-001:COMBAT-WOUND-001"/>
  <testcase classname="SIR.HandbookM3" name="dependency-excludes:COMBAT-DAMAGE-001:COMBAT-SUPPRESSION-001"/>
  <testcase classname="SIR.HandbookM3" name="dependency-excludes:COMBAT-DAMAGE-001:COMBAT-SUPPRESSION-RECOVERY-001"/>
  <testcase classname="SIR.HandbookM3" name="dependency-excludes:COMBAT-DAMAGE-001:COMBAT-COLLATERAL-001"/>
  <testcase classname="SIR.HandbookM3" name="dependency-excludes:COMBAT-DAMAGE-001:COMBAT-COVER-DESTRUCTION-001"/>
  <testcase classname="SIR.HandbookM3" name="dependency-excludes:COMBAT-DAMAGE-001:COMBAT-ATTACK-RESOLUTION-001"/>
  <testcase classname="SIR.HandbookM3" name="dependency-row:COMBAT-COLLISION-001"/>
  <testcase classname="SIR.HandbookM3" name="dependency:COMBAT-COLLISION-001:COMBAT-TRACE-002"/>
  <testcase classname="SIR.HandbookM3" name="dependency-excludes:COMBAT-COLLISION-001:CONTENT-WEAPON-RIFLE-001"/>
  <testcase classname="SIR.HandbookM3" name="dependency-excludes:COMBAT-COLLISION-001:CONTENT-BODY-HUMAN-001"/>
  <testcase classname="SIR.HandbookM3" name="dependency-excludes:COMBAT-COLLISION-001:COMBAT-ENGAGEMENT-001"/>
  <testcase classname="SIR.HandbookM3" name="dependency-excludes:COMBAT-COLLISION-001:COMBAT-ARMOR-004"/>
  <testcase classname="SIR.HandbookM3" name="dependency-excludes:COMBAT-COLLISION-001:COMBAT-DAMAGE-001"/>
  <testcase classname="SIR.HandbookM3" name="dependency-excludes:COMBAT-COLLISION-001:COMBAT-COVER-003"/>
  <testcase classname="SIR.HandbookM3" name="dependency-excludes:COMBAT-COLLISION-001:COMBAT-PENETRATION-001"/>
  <testcase classname="SIR.HandbookM3" name="dependency-excludes:COMBAT-COLLISION-001:COMBAT-HEALTH-001"/>
  <testcase classname="SIR.HandbookM3" name="dependency-excludes:COMBAT-COLLISION-001:COMBAT-WOUND-001"/>
  <testcase classname="SIR.HandbookM3" name="dependency-excludes:COMBAT-COLLISION-001:COMBAT-SUPPRESSION-001"/>
  <testcase classname="SIR.HandbookM3" name="dependency-excludes:COMBAT-COLLISION-001:COMBAT-SUPPRESSION-RECOVERY-001"/>
  <testcase classname="SIR.HandbookM3" name="dependency-excludes:COMBAT-COLLISION-001:COMBAT-COLLATERAL-001"/>
  <testcase classname="SIR.HandbookM3" name="dependency-excludes:COMBAT-COLLISION-001:COMBAT-COVER-DESTRUCTION-001"/>
  <testcase classname="SIR.HandbookM3" name="dependency-excludes:COMBAT-COLLISION-001:COMBAT-ATTACK-RESOLUTION-001"/>
  <testcase classname="SIR.HandbookM3" name="dependency-row:COMBAT-COVER-003"/>
  <testcase classname="SIR.HandbookM3" name="dependency:COMBAT-COVER-003:COMBAT-COLLISION-001"/>
  <testcase classname="SIR.HandbookM3" name="dependency-excludes:COMBAT-COVER-003:CONTENT-WEAPON-RIFLE-001"/>
  <testcase classname="SIR.HandbookM3" name="dependency-excludes:COMBAT-COVER-003:CONTENT-BODY-HUMAN-001"/>
  <testcase classname="SIR.HandbookM3" name="dependency-excludes:COMBAT-COVER-003:COMBAT-ENGAGEMENT-001"/>
  <testcase classname="SIR.HandbookM3" name="dependency-excludes:COMBAT-COVER-003:COMBAT-TRACE-002"/>
  <testcase classname="SIR.HandbookM3" name="dependency-excludes:COMBAT-COVER-003:COMBAT-ARMOR-004"/>
  <testcase classname="SIR.HandbookM3" name="dependency-excludes:COMBAT-COVER-003:COMBAT-DAMAGE-001"/>
  <testcase classname="SIR.HandbookM3" name="dependency-excludes:COMBAT-COVER-003:COMBAT-PENETRATION-001"/>
  <testcase classname="SIR.HandbookM3" name="dependency-excludes:COMBAT-COVER-003:COMBAT-HEALTH-001"/>
  <testcase classname="SIR.HandbookM3" name="dependency-excludes:COMBAT-COVER-003:COMBAT-WOUND-001"/>
  <testcase classname="SIR.HandbookM3" name="dependency-excludes:COMBAT-COVER-003:COMBAT-SUPPRESSION-001"/>
  <testcase classname="SIR.HandbookM3" name="dependency-excludes:COMBAT-COVER-003:COMBAT-SUPPRESSION-RECOVERY-001"/>
  <testcase classname="SIR.HandbookM3" name="dependency-excludes:COMBAT-COVER-003:COMBAT-COLLATERAL-001"/>
  <testcase classname="SIR.HandbookM3" name="dependency-excludes:COMBAT-COVER-003:COMBAT-COVER-DESTRUCTION-001"/>
  <testcase classname="SIR.HandbookM3" name="dependency-excludes:COMBAT-COVER-003:COMBAT-ATTACK-RESOLUTION-001"/>
  <testcase classname="SIR.HandbookM3" name="dependency-row:COMBAT-PENETRATION-001"/>
  <testcase classname="SIR.HandbookM3" name="dependency:COMBAT-PENETRATION-001:COMBAT-COVER-003"/>
  <testcase classname="SIR.HandbookM3" name="dependency:COMBAT-PENETRATION-001:COMBAT-ARMOR-004"/>
  <testcase classname="SIR.HandbookM3" name="dependency-excludes:COMBAT-PENETRATION-001:CONTENT-WEAPON-RIFLE-001"/>
  <testcase classname="SIR.HandbookM3" name="dependency-excludes:COMBAT-PENETRATION-001:CONTENT-BODY-HUMAN-001"/>
  <testcase classname="SIR.HandbookM3" name="dependency-excludes:COMBAT-PENETRATION-001:COMBAT-ENGAGEMENT-001"/>
  <testcase classname="SIR.HandbookM3" name="dependency-excludes:COMBAT-PENETRATION-001:COMBAT-TRACE-002"/>
  <testcase classname="SIR.HandbookM3" name="dependency-excludes:COMBAT-PENETRATION-001:COMBAT-DAMAGE-001"/>
  <testcase classname="SIR.HandbookM3" name="dependency-excludes:COMBAT-PENETRATION-001:COMBAT-COLLISION-001"/>
  <testcase classname="SIR.HandbookM3" name="dependency-excludes:COMBAT-PENETRATION-001:COMBAT-HEALTH-001"/>
  <testcase classname="SIR.HandbookM3" name="dependency-excludes:COMBAT-PENETRATION-001:COMBAT-WOUND-001"/>
  <testcase classname="SIR.HandbookM3" name="dependency-excludes:COMBAT-PENETRATION-001:COMBAT-SUPPRESSION-001"/>
  <testcase classname="SIR.HandbookM3" name="dependency-excludes:COMBAT-PENETRATION-001:COMBAT-SUPPRESSION-RECOVERY-001"/>
  <testcase classname="SIR.HandbookM3" name="dependency-excludes:COMBAT-PENETRATION-001:COMBAT-COLLATERAL-001"/>
  <testcase classname="SIR.HandbookM3" name="dependency-excludes:COMBAT-PENETRATION-001:COMBAT-COVER-DESTRUCTION-001"/>
  <testcase classname="SIR.HandbookM3" name="dependency-excludes:COMBAT-PENETRATION-001:COMBAT-ATTACK-RESOLUTION-001"/>
  <testcase classname="SIR.HandbookM3" name="dependency-row:COMBAT-HEALTH-001"/>
  <testcase classname="SIR.HandbookM3" name="dependency:COMBAT-HEALTH-001:COMBAT-DAMAGE-001"/>
  <testcase classname="SIR.HandbookM3" name="dependency-excludes:COMBAT-HEALTH-001:CONTENT-WEAPON-RIFLE-001"/>
  <testcase classname="SIR.HandbookM3" name="dependency-excludes:COMBAT-HEALTH-001:CONTENT-BODY-HUMAN-001"/>
  <testcase classname="SIR.HandbookM3" name="dependency-excludes:COMBAT-HEALTH-001:COMBAT-ENGAGEMENT-001"/>
  <testcase classname="SIR.HandbookM3" name="dependency-excludes:COMBAT-HEALTH-001:COMBAT-TRACE-002"/>
  <testcase classname="SIR.HandbookM3" name="dependency-excludes:COMBAT-HEALTH-001:COMBAT-ARMOR-004"/>
  <testcase classname="SIR.HandbookM3" name="dependency-excludes:COMBAT-HEALTH-001:COMBAT-COLLISION-001"/>
  <testcase classname="SIR.HandbookM3" name="dependency-excludes:COMBAT-HEALTH-001:COMBAT-COVER-003"/>
  <testcase classname="SIR.HandbookM3" name="dependency-excludes:COMBAT-HEALTH-001:COMBAT-PENETRATION-001"/>
  <testcase classname="SIR.HandbookM3" name="dependency-excludes:COMBAT-HEALTH-001:COMBAT-WOUND-001"/>
  <testcase classname="SIR.HandbookM3" name="dependency-excludes:COMBAT-HEALTH-001:COMBAT-SUPPRESSION-001"/>
  <testcase classname="SIR.HandbookM3" name="dependency-excludes:COMBAT-HEALTH-001:COMBAT-SUPPRESSION-RECOVERY-001"/>
  <testcase classname="SIR.HandbookM3" name="dependency-excludes:COMBAT-HEALTH-001:COMBAT-COLLATERAL-001"/>
  <testcase classname="SIR.HandbookM3" name="dependency-excludes:COMBAT-HEALTH-001:COMBAT-COVER-DESTRUCTION-001"/>
  <testcase classname="SIR.HandbookM3" name="dependency-excludes:COMBAT-HEALTH-001:COMBAT-ATTACK-RESOLUTION-001"/>
  <testcase classname="SIR.HandbookM3" name="dependency-row:COMBAT-WOUND-001"/>
  <testcase classname="SIR.HandbookM3" name="dependency:COMBAT-WOUND-001:COMBAT-HEALTH-001"/>
  <testcase classname="SIR.HandbookM3" name="dependency-excludes:COMBAT-WOUND-001:CONTENT-WEAPON-RIFLE-001"/>
  <testcase classname="SIR.HandbookM3" name="dependency-excludes:COMBAT-WOUND-001:CONTENT-BODY-HUMAN-001"/>
  <testcase classname="SIR.HandbookM3" name="dependency-excludes:COMBAT-WOUND-001:COMBAT-ENGAGEMENT-001"/>
  <testcase classname="SIR.HandbookM3" name="dependency-excludes:COMBAT-WOUND-001:COMBAT-TRACE-002"/>
  <testcase classname="SIR.HandbookM3" name="dependency-excludes:COMBAT-WOUND-001:COMBAT-ARMOR-004"/>
  <testcase classname="SIR.HandbookM3" name="dependency-excludes:COMBAT-WOUND-001:COMBAT-DAMAGE-001"/>
  <testcase classname="SIR.HandbookM3" name="dependency-excludes:COMBAT-WOUND-001:COMBAT-COLLISION-001"/>
  <testcase classname="SIR.HandbookM3" name="dependency-excludes:COMBAT-WOUND-001:COMBAT-COVER-003"/>
  <testcase classname="SIR.HandbookM3" name="dependency-excludes:COMBAT-WOUND-001:COMBAT-PENETRATION-001"/>
  <testcase classname="SIR.HandbookM3" name="dependency-excludes:COMBAT-WOUND-001:COMBAT-SUPPRESSION-001"/>
  <testcase classname="SIR.HandbookM3" name="dependency-excludes:COMBAT-WOUND-001:COMBAT-SUPPRESSION-RECOVERY-001"/>
  <testcase classname="SIR.HandbookM3" name="dependency-excludes:COMBAT-WOUND-001:COMBAT-COLLATERAL-001"/>
  <testcase classname="SIR.HandbookM3" name="dependency-excludes:COMBAT-WOUND-001:COMBAT-COVER-DESTRUCTION-001"/>
  <testcase classname="SIR.HandbookM3" name="dependency-excludes:COMBAT-WOUND-001:COMBAT-ATTACK-RESOLUTION-001"/>
  <testcase classname="SIR.HandbookM3" name="dependency-row:COMBAT-SUPPRESSION-001"/>
  <testcase classname="SIR.HandbookM3" name="dependency:COMBAT-SUPPRESSION-001:COMBAT-COLLISION-001"/>
  <testcase classname="SIR.HandbookM3" name="dependency-excludes:COMBAT-SUPPRESSION-001:CONTENT-WEAPON-RIFLE-001"/>
  <testcase classname="SIR.HandbookM3" name="dependency-excludes:COMBAT-SUPPRESSION-001:CONTENT-BODY-HUMAN-001"/>
  <testcase classname="SIR.HandbookM3" name="dependency-excludes:COMBAT-SUPPRESSION-001:COMBAT-ENGAGEMENT-001"/>
  <testcase classname="SIR.HandbookM3" name="dependency-excludes:COMBAT-SUPPRESSION-001:COMBAT-TRACE-002"/>
  <testcase classname="SIR.HandbookM3" name="dependency-excludes:COMBAT-SUPPRESSION-001:COMBAT-ARMOR-004"/>
  <testcase classname="SIR.HandbookM3" name="dependency-excludes:COMBAT-SUPPRESSION-001:COMBAT-DAMAGE-001"/>
  <testcase classname="SIR.HandbookM3" name="dependency-excludes:COMBAT-SUPPRESSION-001:COMBAT-COVER-003"/>
  <testcase classname="SIR.HandbookM3" name="dependency-excludes:COMBAT-SUPPRESSION-001:COMBAT-PENETRATION-001"/>
  <testcase classname="SIR.HandbookM3" name="dependency-excludes:COMBAT-SUPPRESSION-001:COMBAT-HEALTH-001"/>
  <testcase classname="SIR.HandbookM3" name="dependency-excludes:COMBAT-SUPPRESSION-001:COMBAT-WOUND-001"/>
  <testcase classname="SIR.HandbookM3" name="dependency-excludes:COMBAT-SUPPRESSION-001:COMBAT-SUPPRESSION-RECOVERY-001"/>
  <testcase classname="SIR.HandbookM3" name="dependency-excludes:COMBAT-SUPPRESSION-001:COMBAT-COLLATERAL-001"/>
  <testcase classname="SIR.HandbookM3" name="dependency-excludes:COMBAT-SUPPRESSION-001:COMBAT-COVER-DESTRUCTION-001"/>
  <testcase classname="SIR.HandbookM3" name="dependency-excludes:COMBAT-SUPPRESSION-001:COMBAT-ATTACK-RESOLUTION-001"/>
  <testcase classname="SIR.HandbookM3" name="dependency-row:COMBAT-SUPPRESSION-RECOVERY-001"/>
  <testcase classname="SIR.HandbookM3" name="dependency:COMBAT-SUPPRESSION-RECOVERY-001:COMBAT-SUPPRESSION-001"/>
  <testcase classname="SIR.HandbookM3" name="dependency-excludes:COMBAT-SUPPRESSION-RECOVERY-001:CONTENT-WEAPON-RIFLE-001"/>
  <testcase classname="SIR.HandbookM3" name="dependency-excludes:COMBAT-SUPPRESSION-RECOVERY-001:CONTENT-BODY-HUMAN-001"/>
  <testcase classname="SIR.HandbookM3" name="dependency-excludes:COMBAT-SUPPRESSION-RECOVERY-001:COMBAT-ENGAGEMENT-001"/>
  <testcase classname="SIR.HandbookM3" name="dependency-excludes:COMBAT-SUPPRESSION-RECOVERY-001:COMBAT-TRACE-002"/>
  <testcase classname="SIR.HandbookM3" name="dependency-excludes:COMBAT-SUPPRESSION-RECOVERY-001:COMBAT-ARMOR-004"/>
  <testcase classname="SIR.HandbookM3" name="dependency-excludes:COMBAT-SUPPRESSION-RECOVERY-001:COMBAT-DAMAGE-001"/>
  <testcase classname="SIR.HandbookM3" name="dependency-excludes:COMBAT-SUPPRESSION-RECOVERY-001:COMBAT-COLLISION-001"/>
  <testcase classname="SIR.HandbookM3" name="dependency-excludes:COMBAT-SUPPRESSION-RECOVERY-001:COMBAT-COVER-003"/>
  <testcase classname="SIR.HandbookM3" name="dependency-excludes:COMBAT-SUPPRESSION-RECOVERY-001:COMBAT-PENETRATION-001"/>
  <testcase classname="SIR.HandbookM3" name="dependency-excludes:COMBAT-SUPPRESSION-RECOVERY-001:COMBAT-HEALTH-001"/>
  <testcase classname="SIR.HandbookM3" name="dependency-excludes:COMBAT-SUPPRESSION-RECOVERY-001:COMBAT-WOUND-001"/>
  <testcase classname="SIR.HandbookM3" name="dependency-excludes:COMBAT-SUPPRESSION-RECOVERY-001:COMBAT-COLLATERAL-001"/>
  <testcase classname="SIR.HandbookM3" name="dependency-excludes:COMBAT-SUPPRESSION-RECOVERY-001:COMBAT-COVER-DESTRUCTION-001"/>
  <testcase classname="SIR.HandbookM3" name="dependency-excludes:COMBAT-SUPPRESSION-RECOVERY-001:COMBAT-ATTACK-RESOLUTION-001"/>
  <testcase classname="SIR.HandbookM3" name="dependency-row:COMBAT-COLLATERAL-001"/>
  <testcase classname="SIR.HandbookM3" name="dependency:COMBAT-COLLATERAL-001:COMBAT-COLLISION-001"/>
  <testcase classname="SIR.HandbookM3" name="dependency-excludes:COMBAT-COLLATERAL-001:CONTENT-WEAPON-RIFLE-001"/>
  <testcase classname="SIR.HandbookM3" name="dependency-excludes:COMBAT-COLLATERAL-001:CONTENT-BODY-HUMAN-001"/>
  <testcase classname="SIR.HandbookM3" name="dependency-excludes:COMBAT-COLLATERAL-001:COMBAT-ENGAGEMENT-001"/>
  <testcase classname="SIR.HandbookM3" name="dependency-excludes:COMBAT-COLLATERAL-001:COMBAT-TRACE-002"/>
  <testcase classname="SIR.HandbookM3" name="dependency-excludes:COMBAT-COLLATERAL-001:COMBAT-ARMOR-004"/>
  <testcase classname="SIR.HandbookM3" name="dependency-excludes:COMBAT-COLLATERAL-001:COMBAT-DAMAGE-001"/>
  <testcase classname="SIR.HandbookM3" name="dependency-excludes:COMBAT-COLLATERAL-001:COMBAT-COVER-003"/>
  <testcase classname="SIR.HandbookM3" name="dependency-excludes:COMBAT-COLLATERAL-001:COMBAT-PENETRATION-001"/>
  <testcase classname="SIR.HandbookM3" name="dependency-excludes:COMBAT-COLLATERAL-001:COMBAT-HEALTH-001"/>
  <testcase classname="SIR.HandbookM3" name="dependency-excludes:COMBAT-COLLATERAL-001:COMBAT-WOUND-001"/>
  <testcase classname="SIR.HandbookM3" name="dependency-excludes:COMBAT-COLLATERAL-001:COMBAT-SUPPRESSION-001"/>
  <testcase classname="SIR.HandbookM3" name="dependency-excludes:COMBAT-COLLATERAL-001:COMBAT-SUPPRESSION-RECOVERY-001"/>
  <testcase classname="SIR.HandbookM3" name="dependency-excludes:COMBAT-COLLATERAL-001:COMBAT-COVER-DESTRUCTION-001"/>
  <testcase classname="SIR.HandbookM3" name="dependency-excludes:COMBAT-COLLATERAL-001:COMBAT-ATTACK-RESOLUTION-001"/>
  <testcase classname="SIR.HandbookM3" name="dependency-row:COMBAT-COVER-DESTRUCTION-001"/>
  <testcase classname="SIR.HandbookM3" name="dependency:COMBAT-COVER-DESTRUCTION-001:COMBAT-COVER-003"/>
  <testcase classname="SIR.HandbookM3" name="dependency-excludes:COMBAT-COVER-DESTRUCTION-001:CONTENT-WEAPON-RIFLE-001"/>
  <testcase classname="SIR.HandbookM3" name="dependency-excludes:COMBAT-COVER-DESTRUCTION-001:CONTENT-BODY-HUMAN-001"/>
  <testcase classname="SIR.HandbookM3" name="dependency-excludes:COMBAT-COVER-DESTRUCTION-001:COMBAT-ENGAGEMENT-001"/>
  <testcase classname="SIR.HandbookM3" name="dependency-excludes:COMBAT-COVER-DESTRUCTION-001:COMBAT-TRACE-002"/>
  <testcase classname="SIR.HandbookM3" name="dependency-excludes:COMBAT-COVER-DESTRUCTION-001:COMBAT-ARMOR-004"/>
  <testcase classname="SIR.HandbookM3" name="dependency-excludes:COMBAT-COVER-DESTRUCTION-001:COMBAT-DAMAGE-001"/>
  <testcase classname="SIR.HandbookM3" name="dependency-excludes:COMBAT-COVER-DESTRUCTION-001:COMBAT-COLLISION-001"/>
  <testcase classname="SIR.HandbookM3" name="dependency-excludes:COMBAT-COVER-DESTRUCTION-001:COMBAT-PENETRATION-001"/>
  <testcase classname="SIR.HandbookM3" name="dependency-excludes:COMBAT-COVER-DESTRUCTION-001:COMBAT-HEALTH-001"/>
  <testcase classname="SIR.HandbookM3" name="dependency-excludes:COMBAT-COVER-DESTRUCTION-001:COMBAT-WOUND-001"/>
  <testcase classname="SIR.HandbookM3" name="dependency-excludes:COMBAT-COVER-DESTRUCTION-001:COMBAT-SUPPRESSION-001"/>
  <testcase classname="SIR.HandbookM3" name="dependency-excludes:COMBAT-COVER-DESTRUCTION-001:COMBAT-SUPPRESSION-RECOVERY-001"/>
  <testcase classname="SIR.HandbookM3" name="dependency-excludes:COMBAT-COVER-DESTRUCTION-001:COMBAT-COLLATERAL-001"/>
  <testcase classname="SIR.HandbookM3" name="dependency-excludes:COMBAT-COVER-DESTRUCTION-001:COMBAT-ATTACK-RESOLUTION-001"/>
  <testcase classname="SIR.HandbookM3" name="dependency-row:COMBAT-ATTACK-RESOLUTION-001"/>
  <testcase classname="SIR.HandbookM3" name="dependency:COMBAT-ATTACK-RESOLUTION-001:COMBAT-ENGAGEMENT-001"/>
  <testcase classname="SIR.HandbookM3" name="dependency:COMBAT-ATTACK-RESOLUTION-001:COMBAT-COLLISION-001"/>
  <testcase classname="SIR.HandbookM3" name="dependency:COMBAT-ATTACK-RESOLUTION-001:COMBAT-COVER-003"/>
  <testcase classname="SIR.HandbookM3" name="dependency:COMBAT-ATTACK-RESOLUTION-001:COMBAT-PENETRATION-001"/>
  <testcase classname="SIR.HandbookM3" name="dependency:COMBAT-ATTACK-RESOLUTION-001:COMBAT-DAMAGE-001"/>
  <testcase classname="SIR.HandbookM3" name="dependency:COMBAT-ATTACK-RESOLUTION-001:COMBAT-WOUND-001"/>
  <testcase classname="SIR.HandbookM3" name="dependency:COMBAT-ATTACK-RESOLUTION-001:COMBAT-SUPPRESSION-001"/>
  <testcase classname="SIR.HandbookM3" name="dependency:COMBAT-ATTACK-RESOLUTION-001:COMBAT-COLLATERAL-001"/>
  <testcase classname="SIR.HandbookM3" name="dependency-excludes:COMBAT-ATTACK-RESOLUTION-001:CONTENT-WEAPON-RIFLE-001"/>
  <testcase classname="SIR.HandbookM3" name="dependency-excludes:COMBAT-ATTACK-RESOLUTION-001:CONTENT-BODY-HUMAN-001"/>
  <testcase classname="SIR.HandbookM3" name="dependency-excludes:COMBAT-ATTACK-RESOLUTION-001:COMBAT-TRACE-002"/>
  <testcase classname="SIR.HandbookM3" name="dependency-excludes:COMBAT-ATTACK-RESOLUTION-001:COMBAT-ARMOR-004"/>
  <testcase classname="SIR.HandbookM3" name="dependency-excludes:COMBAT-ATTACK-RESOLUTION-001:COMBAT-HEALTH-001"/>
  <testcase classname="SIR.HandbookM3" name="dependency-excludes:COMBAT-ATTACK-RESOLUTION-001:COMBAT-SUPPRESSION-RECOVERY-001"/>
  <testcase classname="SIR.HandbookM3" name="dependency-excludes:COMBAT-ATTACK-RESOLUTION-001:COMBAT-COVER-DESTRUCTION-001"/>
  <testcase classname="SIR.HandbookM3" name="authority-excerpts"/>
  <testcase classname="SIR.HandbookM3" name="excerpt-1"/>
  <testcase classname="SIR.HandbookM3" name="excerpt-2"/>
  <testcase classname="SIR.HandbookM3" name="excerpt-3"/>
  <testcase classname="SIR.HandbookM3" name="excerpt-4"/>
  <testcase classname="SIR.HandbookM3" name="excerpt-5"/>
  <testcase classname="SIR.HandbookM3" name="excerpt-6"/>
  <testcase classname="SIR.HandbookM3" name="excerpt-7"/>
  <testcase classname="SIR.HandbookM3" name="excerpt-8"/>
  <testcase classname="SIR.HandbookM3" name="excerpt-9"/>
  <testcase classname="SIR.HandbookM3" name="excerpt-10"/>
  <testcase classname="SIR.HandbookM3" name="excerpt-11"/>
  <testcase classname="SIR.HandbookM3" name="excerpt-12"/>
  <testcase classname="SIR.HandbookM3" name="excerpt-13"/>
  <testcase classname="SIR.HandbookM3" name="excerpt-14"/>
  <testcase classname="SIR.HandbookM3" name="excerpt-15"/>
  <testcase classname="SIR.HandbookM3" name="excerpt-16"/>
  <testcase classname="SIR.HandbookM3" name="teaching:Wound thresholds at damage 24, 25, and 50"/>
  <testcase classname="SIR.HandbookM3" name="teaching:current projectile stops"/>
  <testcase classname="SIR.HandbookM3" name="teaching:formula/observation inside atomic aggregate"/>
  <testcase classname="SIR.HandbookM3" name="teaching:FS.GG.Game.Core@0.13.0:Los.lineOfSightBy:Supercover"/>
  <testcase classname="SIR.HandbookM3" name="teaching:#### Beginner — predict one helper or completed successor"/>
  <testcase classname="SIR.HandbookM3" name="teaching:#### Intermediate — read dependencies and observations"/>
  <testcase classname="SIR.HandbookM3" name="teaching:#### Advanced — design within the authority boundary"/>
  <testcase classname="SIR.HandbookM3" name="section:chapter-44-complete-rule-reference"/>
  <testcase classname="SIR.HandbookM3" name="section:chapter-46-traceability-matrix"/>
  <testcase classname="SIR.HandbookM3" name="section:chapter-07-the-sixteen-rule-catalogue"/>
  <testcase classname="SIR.HandbookM3" name="section:chapter-08-rule-dependency-and-explanation-order-maps"/>
  <testcase classname="SIR.HandbookM3" name="section:chapter-15-the-external-line-of-sight-contract-boundary"/>
  <testcase classname="SIR.HandbookM3" name="section:chapter-16-atomic-aggregate-consequences-versus-focused-pur"/>
  <testcase classname="SIR.HandbookM3" name="section:chapter-25-a-miss-causes-neither-damage-nor-suppression"/>
  <testcase classname="SIR.HandbookM3" name="section:chapter-26-wound-thresholds-at-damage-24-25-and-50"/>
  <testcase classname="SIR.HandbookM3" name="section:chapter-27-health-reaching-zero-and-incapacitation"/>
  <testcase classname="SIR.HandbookM3" name="section:chapter-28-cover-impact-destruction-permeability-and-the-cu"/>
  <testcase classname="SIR.HandbookM3" name="section:chapter-29-suppression-eligibility-and-five-point-recovery"/>
  <testcase classname="SIR.HandbookM3" name="section:chapter-30-faction-neutral-collateral-consequences"/>
  <testcase classname="SIR.HandbookM3" name="section:chapter-31-registered-external-line-of-sight-behavior"/>
  <testcase classname="SIR.HandbookM3" name="section:chapter-44-complete-rule-reference"/>
  <testcase classname="SIR.HandbookM3" name="section:chapter-49-exercises-and-solutions"/>
  <testcase classname="SIR.HandbookM3" name="complete-rule-reference-and-traceability"/>
  <testcase classname="SIR.HandbookM3" name="section:chapter-44-complete-rule-reference"/>
  <testcase classname="SIR.HandbookM3" name="section:chapter-46-traceability-matrix"/>
  <testcase classname="SIR.HandbookM3" name="section:chapter-07-the-sixteen-rule-catalogue"/>
  <testcase classname="SIR.HandbookM3" name="section:chapter-08-rule-dependency-and-explanation-order-maps"/>
  <testcase classname="SIR.HandbookM3" name="section:chapter-15-the-external-line-of-sight-contract-boundary"/>
  <testcase classname="SIR.HandbookM3" name="section:chapter-16-atomic-aggregate-consequences-versus-focused-pur"/>
  <testcase classname="SIR.HandbookM3" name="section:chapter-25-a-miss-causes-neither-damage-nor-suppression"/>
  <testcase classname="SIR.HandbookM3" name="section:chapter-26-wound-thresholds-at-damage-24-25-and-50"/>
  <testcase classname="SIR.HandbookM3" name="section:chapter-27-health-reaching-zero-and-incapacitation"/>
  <testcase classname="SIR.HandbookM3" name="section:chapter-28-cover-impact-destruction-permeability-and-the-cu"/>
  <testcase classname="SIR.HandbookM3" name="section:chapter-29-suppression-eligibility-and-five-point-recovery"/>
  <testcase classname="SIR.HandbookM3" name="section:chapter-30-faction-neutral-collateral-consequences"/>
  <testcase classname="SIR.HandbookM3" name="section:chapter-31-registered-external-line-of-sight-behavior"/>
  <testcase classname="SIR.HandbookM3" name="section:chapter-44-complete-rule-reference"/>
  <testcase classname="SIR.HandbookM3" name="section:chapter-49-exercises-and-solutions"/>
  <testcase classname="SIR.HandbookM3" name="negative-control-missing-reference"/>
  <testcase classname="SIR.HandbookM3" name="section:chapter-44-complete-rule-reference"/>
  <testcase classname="SIR.HandbookM3" name="section:chapter-46-traceability-matrix"/>
  <testcase classname="SIR.HandbookM3" name="section:chapter-07-the-sixteen-rule-catalogue"/>
  <testcase classname="SIR.HandbookM3" name="section:chapter-08-rule-dependency-and-explanation-order-maps"/>
  <testcase classname="SIR.HandbookM3" name="section:chapter-15-the-external-line-of-sight-contract-boundary"/>
  <testcase classname="SIR.HandbookM3" name="section:chapter-16-atomic-aggregate-consequences-versus-focused-pur"/>
  <testcase classname="SIR.HandbookM3" name="section:chapter-25-a-miss-causes-neither-damage-nor-suppression"/>
  <testcase classname="SIR.HandbookM3" name="section:chapter-26-wound-thresholds-at-damage-24-25-and-50"/>
  <testcase classname="SIR.HandbookM3" name="section:chapter-27-health-reaching-zero-and-incapacitation"/>
  <testcase classname="SIR.HandbookM3" name="section:chapter-28-cover-impact-destruction-permeability-and-the-cu"/>
  <testcase classname="SIR.HandbookM3" name="section:chapter-29-suppression-eligibility-and-five-point-recovery"/>
  <testcase classname="SIR.HandbookM3" name="section:chapter-30-faction-neutral-collateral-consequences"/>
  <testcase classname="SIR.HandbookM3" name="section:chapter-31-registered-external-line-of-sight-behavior"/>
  <testcase classname="SIR.HandbookM3" name="section:chapter-44-complete-rule-reference"/>
  <testcase classname="SIR.HandbookM3" name="section:chapter-49-exercises-and-solutions"/>
  <testcase classname="SIR.HandbookM3" name="negative-control-pending-traceability"/>
  <testcase classname="SIR.HandbookM3" name="pinned-quint"/>
  <testcase classname="SIR.HandbookM3" name="authoritative-typecheck"/>
  <testcase classname="SIR.HandbookM3" name="run:representativeDamageIsTwenty"/>
  <testcase classname="SIR.HandbookM3" name="run:woundThresholdsAreExact"/>
  <testcase classname="SIR.HandbookM3" name="run:zeroHealthMeansIncapacitated"/>
  <testcase classname="SIR.HandbookM3" name="run:suppressionNeedsPositiveDamageAndRecoversFive"/>
  <testcase classname="SIR.HandbookM3" name="run:destroyingCoverConsumesCurrentCollision"/>
  <testcase classname="SIR.HandbookM3" name="run:collateralOutcomeIgnoresFaction"/>
  <testcase classname="SIR.HandbookM3" name="rendered-handbook"/>
  <testcase classname="SIR.HandbookM3" name="rendered-m3-markers"/>
</testsuite>
