<?xml version="1.0" encoding="utf-8"?>
<TestRun id="cef1fd93-61d5-45fd-bb35-1bd8416c4470" name="@60c9e64cc8e0 2026-08-11 00:44:48" xmlns="http://microsoft.com/schemas/VisualStudio/TeamTest/2010">
  <Times creation="2026-08-11T00:44:48.2970329+02:00" queuing="2026-08-11T00:44:48.2970329+02:00" start="2026-08-11T00:44:47.5335732+02:00" finish="2026-08-11T00:44:48.3205943+02:00" />
  <TestSettings name="default" id="d4c098e2-ae18-4ca3-8a3e-6c5ba2ca3ad6">
    <Deployment runDeploymentRoot="_60c9e64cc8e0_2026-08-11_00_44_48" />
  </TestSettings>
  <Results>
    <UnitTestResult executionId="660a1e9a-6ee2-4c3b-8072-3db06b67f2be" testId="5305a7ec-baca-aaa7-160d-107e16210613" testName="SIR.Server.Tests+LiveSessionAuthenticationTests.production rejects spoofed header and admits signed identity" computerName="60c9e64cc8e0" duration="00:00:00.2067244" startTime="2026-08-11T00:44:48.0067135+02:00" endTime="2026-08-11T00:44:48.2082777+02:00" testType="13cdc9d9-ddb5-4fa4-a97d-d965ccfc6d4b" outcome="Passed" testListId="8c84fa94-04c1-424b-9868-57a2d4851a1d" relativeResultsDirectory="660a1e9a-6ee2-4c3b-8072-3db06b67f2be" />
    <UnitTestResult executionId="a60d5846-3b57-4c20-b454-ff8525693c3b" testId="a39e13bc-e383-7706-8a25-94b466af6129" testName="SIR.Server.Tests+LiveSessionAuthenticationTests.takeover rejects superseded connection and keeps deterministic work" computerName="60c9e64cc8e0" duration="00:00:00.0021651" startTime="2026-08-11T00:44:48.2321756+02:00" endTime="2026-08-11T00:44:48.2342954+02:00" testType="13cdc9d9-ddb5-4fa4-a97d-d965ccfc6d4b" outcome="Passed" testListId="8c84fa94-04c1-424b-9868-57a2d4851a1d" relativeResultsDirectory="a60d5846-3b57-4c20-b454-ff8525693c3b" />
    <UnitTestResult executionId="8076f621-acc0-4d43-a7ef-d69a6648bd4a" testId="af97fa3e-3cd5-8a58-fc28-01633b7a4ef8" testName="SIR.Server.Tests+LiveSessionAuthenticationTests.production rejects development identity header" computerName="60c9e64cc8e0" duration="00:00:00.0196264" startTime="2026-08-11T00:44:48.2775079+02:00" endTime="2026-08-11T00:44:48.2775447+02:00" testType="13cdc9d9-ddb5-4fa4-a97d-d965ccfc6d4b" outcome="Passed" testListId="8c84fa94-04c1-424b-9868-57a2d4851a1d" relativeResultsDirectory="8076f621-acc0-4d43-a7ef-d69a6648bd4a" />
    <UnitTestResult executionId="2562b40c-3a54-4ab3-8d7f-10bbff3f2453" testId="ca8f4372-1632-3c49-4d63-e8521ad1ed66" testName="SIR.Server.Tests+LiveSessionAuthenticationTests.framework diagnostics suppress rejected query credentials" computerName="60c9e64cc8e0" duration="00:00:00.1561816" startTime="2026-08-11T00:44:47.8416176+02:00" endTime="2026-08-11T00:44:48.0014700+02:00" testType="13cdc9d9-ddb5-4fa4-a97d-d965ccfc6d4b" outcome="Passed" testListId="8c84fa94-04c1-424b-9868-57a2d4851a1d" relativeResultsDirectory="2562b40c-3a54-4ab3-8d7f-10bbff3f2453" />
    <UnitTestResult executionId="2b3cdd7b-a4ff-46c8-81d1-c65af914bd17" testId="c89c8dc6-f357-8e25-821c-a60f23e84690" testName="SIR.Server.Tests+LiveSessionAuthenticationTests.concurrent admissions never exceed capacity" computerName="60c9e64cc8e0" duration="00:00:00.0082996" startTime="2026-08-11T00:44:48.2226871+02:00" endTime="2026-08-11T00:44:48.2309813+02:00" testType="13cdc9d9-ddb5-4fa4-a97d-d965ccfc6d4b" outcome="Passed" testListId="8c84fa94-04c1-424b-9868-57a2d4851a1d" relativeResultsDirectory="2b3cdd7b-a4ff-46c8-81d1-c65af914bd17" />
    <UnitTestResult executionId="3d8fa6eb-a1a2-4961-a119-9d046479ee8a" testId="e6fe9cf1-af0c-218e-31e5-d371329fcd45" testName="SIR.Server.Tests+LiveSessionAuthenticationTests.query only credentials and revoked sessions are denied" computerName="60c9e64cc8e0" duration="00:00:00.0002895" startTime="2026-08-11T00:44:48.2777152+02:00" endTime="2026-08-11T00:44:48.2777393+02:00" testType="13cdc9d9-ddb5-4fa4-a97d-d965ccfc6d4b" outcome="Passed" testListId="8c84fa94-04c1-424b-9868-57a2d4851a1d" relativeResultsDirectory="3d8fa6eb-a1a2-4961-a119-9d046479ee8a" />
    <UnitTestResult executionId="3927c938-d80d-47ff-bed8-e506af73a161" testId="da0ebd1a-9d30-e029-67e8-33a0c59bbf71" testName="SIR.Server.Tests+LiveSessionAuthenticationTests.bootstrap rate limiting and lifecycle metrics are observable" computerName="60c9e64cc8e0" duration="00:00:00.0011009" startTime="2026-08-11T00:44:48.2310957+02:00" endTime="2026-08-11T00:44:48.2320964+02:00" testType="13cdc9d9-ddb5-4fa4-a97d-d965ccfc6d4b" outcome="Passed" testListId="8c84fa94-04c1-424b-9868-57a2d4851a1d" relativeResultsDirectory="3927c938-d80d-47ff-bed8-e506af73a161" />
    <UnitTestResult executionId="32fac874-b9cf-47bd-a193-036ea45c2cb1" testId="23d70a59-7169-d804-981b-a6f6a78aaf8d" testName="SIR.Server.Tests+LiveSessionAuthenticationTests.production rejects absent bearer identity" computerName="60c9e64cc8e0" duration="00:00:00.0111180" startTime="2026-08-11T00:44:48.2106744+02:00" endTime="2026-08-11T00:44:48.2217343+02:00" testType="13cdc9d9-ddb5-4fa4-a97d-d965ccfc6d4b" outcome="Passed" testListId="8c84fa94-04c1-424b-9868-57a2d4851a1d" relativeResultsDirectory="32fac874-b9cf-47bd-a193-036ea45c2cb1" />
    <UnitTestResult executionId="e1f78e41-3f71-44b8-965a-c775b9bc0d2c" testId="282154bb-dfa9-0af3-2a56-88d71f13ed8b" testName="SIR.Server.Tests+LiveSessionAuthenticationTests.injected clock expires admission" computerName="60c9e64cc8e0" duration="00:00:00.0008293" startTime="2026-08-11T00:44:48.2218579+02:00" endTime="2026-08-11T00:44:48.2226072+02:00" testType="13cdc9d9-ddb5-4fa4-a97d-d965ccfc6d4b" outcome="Passed" testListId="8c84fa94-04c1-424b-9868-57a2d4851a1d" relativeResultsDirectory="e1f78e41-3f71-44b8-965a-c775b9bc0d2c" />
    <UnitTestResult executionId="4b975630-7885-430e-991c-1d6724712cd0" testId="e353a7da-dd6c-8e9f-80d4-fe76f65eafb0" testName="SIR.Server.Tests+LiveSessionAuthenticationTests.bootstrap bounds actor names and global session admission" computerName="60c9e64cc8e0" duration="00:00:00.0022840" startTime="2026-08-11T00:44:48.2087879+02:00" endTime="2026-08-11T00:44:48.2105750+02:00" testType="13cdc9d9-ddb5-4fa4-a97d-d965ccfc6d4b" outcome="Passed" testListId="8c84fa94-04c1-424b-9868-57a2d4851a1d" relativeResultsDirectory="4b975630-7885-430e-991c-1d6724712cd0" />
    <UnitTestResult executionId="7fd2c4d6-0764-44e0-bfed-5d3180123c48" testId="f4589aac-bcc3-f6bd-2938-b6c46193a520" testName="SIR.Server.Tests+LiveSessionAuthenticationTests.bootstrap rejects cross actor identity" computerName="60c9e64cc8e0" duration="00:00:00.0197280" startTime="2026-08-11T00:44:48.2343796+02:00" endTime="2026-08-11T00:44:48.2540851+02:00" testType="13cdc9d9-ddb5-4fa4-a97d-d965ccfc6d4b" outcome="Passed" testListId="8c84fa94-04c1-424b-9868-57a2d4851a1d" relativeResultsDirectory="7fd2c4d6-0764-44e0-bfed-5d3180123c48" />
  </Results>
  <TestDefinitions>
    <UnitTest name="SIR.Server.Tests+LiveSessionAuthenticationTests.takeover rejects superseded connection and keeps deterministic work" storage="/home/developer/worktrees/item-147-live-session-resource-lifecycle/tests/sir.server.tests/bin/release/net10.0/sir.server.tests.dll" id="a39e13bc-e383-7706-8a25-94b466af6129">
      <Execution id="a60d5846-3b57-4c20-b454-ff8525693c3b" />
      <TestMethod codeBase="/home/developer/worktrees/item-147-live-session-resource-lifecycle/tests/SIR.Server.Tests/bin/Release/net10.0/SIR.Server.Tests.dll" adapterTypeName="executor://xunit/VsTestRunner3/netcore/" className="SIR.Server.Tests+LiveSessionAuthenticationTests" name="takeover rejects superseded connection and keeps deterministic work" />
    </UnitTest>
    <UnitTest name="SIR.Server.Tests+LiveSessionAuthenticationTests.bootstrap rate limiting and lifecycle metrics are observable" storage="/home/developer/worktrees/item-147-live-session-resource-lifecycle/tests/sir.server.tests/bin/release/net10.0/sir.server.tests.dll" id="da0ebd1a-9d30-e029-67e8-33a0c59bbf71">
      <Execution id="3927c938-d80d-47ff-bed8-e506af73a161" />
      <TestMethod codeBase="/home/developer/worktrees/item-147-live-session-resource-lifecycle/tests/SIR.Server.Tests/bin/Release/net10.0/SIR.Server.Tests.dll" adapterTypeName="executor://xunit/VsTestRunner3/netcore/" className="SIR.Server.Tests+LiveSessionAuthenticationTests" name="bootstrap rate limiting and lifecycle metrics are observable" />
    </UnitTest>
    <UnitTest name="SIR.Server.Tests+LiveSessionAuthenticationTests.production rejects absent bearer identity" storage="/home/developer/worktrees/item-147-live-session-resource-lifecycle/tests/sir.server.tests/bin/release/net10.0/sir.server.tests.dll" id="23d70a59-7169-d804-981b-a6f6a78aaf8d">
      <Execution id="32fac874-b9cf-47bd-a193-036ea45c2cb1" />
      <TestMethod codeBase="/home/developer/worktrees/item-147-live-session-resource-lifecycle/tests/SIR.Server.Tests/bin/Release/net10.0/SIR.Server.Tests.dll" adapterTypeName="executor://xunit/VsTestRunner3/netcore/" className="SIR.Server.Tests+LiveSessionAuthenticationTests" name="production rejects absent bearer identity" />
    </UnitTest>
    <UnitTest name="SIR.Server.Tests+LiveSessionAuthenticationTests.bootstrap bounds actor names and global session admission" storage="/home/developer/worktrees/item-147-live-session-resource-lifecycle/tests/sir.server.tests/bin/release/net10.0/sir.server.tests.dll" id="e353a7da-dd6c-8e9f-80d4-fe76f65eafb0">
      <Execution id="4b975630-7885-430e-991c-1d6724712cd0" />
      <TestMethod codeBase="/home/developer/worktrees/item-147-live-session-resource-lifecycle/tests/SIR.Server.Tests/bin/Release/net10.0/SIR.Server.Tests.dll" adapterTypeName="executor://xunit/VsTestRunner3/netcore/" className="SIR.Server.Tests+LiveSessionAuthenticationTests" name="bootstrap bounds actor names and global session admission" />
    </UnitTest>
    <UnitTest name="SIR.Server.Tests+LiveSessionAuthenticationTests.query only credentials and revoked sessions are denied" storage="/home/developer/worktrees/item-147-live-session-resource-lifecycle/tests/sir.server.tests/bin/release/net10.0/sir.server.tests.dll" id="e6fe9cf1-af0c-218e-31e5-d371329fcd45">
      <Execution id="3d8fa6eb-a1a2-4961-a119-9d046479ee8a" />
      <TestMethod codeBase="/home/developer/worktrees/item-147-live-session-resource-lifecycle/tests/SIR.Server.Tests/bin/Release/net10.0/SIR.Server.Tests.dll" adapterTypeName="executor://xunit/VsTestRunner3/netcore/" className="SIR.Server.Tests+LiveSessionAuthenticationTests" name="query only credentials and revoked sessions are denied" />
    </UnitTest>
    <UnitTest name="SIR.Server.Tests+LiveSessionAuthenticationTests.concurrent admissions never exceed capacity" storage="/home/developer/worktrees/item-147-live-session-resource-lifecycle/tests/sir.server.tests/bin/release/net10.0/sir.server.tests.dll" id="c89c8dc6-f357-8e25-821c-a60f23e84690">
      <Execution id="2b3cdd7b-a4ff-46c8-81d1-c65af914bd17" />
      <TestMethod codeBase="/home/developer/worktrees/item-147-live-session-resource-lifecycle/tests/SIR.Server.Tests/bin/Release/net10.0/SIR.Server.Tests.dll" adapterTypeName="executor://xunit/VsTestRunner3/netcore/" className="SIR.Server.Tests+LiveSessionAuthenticationTests" name="concurrent admissions never exceed capacity" />
    </UnitTest>
    <UnitTest name="SIR.Server.Tests+LiveSessionAuthenticationTests.bootstrap rejects cross actor identity" storage="/home/developer/worktrees/item-147-live-session-resource-lifecycle/tests/sir.server.tests/bin/release/net10.0/sir.server.tests.dll" id="f4589aac-bcc3-f6bd-2938-b6c46193a520">
      <Execution id="7fd2c4d6-0764-44e0-bfed-5d3180123c48" />
      <TestMethod codeBase="/home/developer/worktrees/item-147-live-session-resource-lifecycle/tests/SIR.Server.Tests/bin/Release/net10.0/SIR.Server.Tests.dll" adapterTypeName="executor://xunit/VsTestRunner3/netcore/" className="SIR.Server.Tests+LiveSessionAuthenticationTests" name="bootstrap rejects cross actor identity" />
    </UnitTest>
    <UnitTest name="SIR.Server.Tests+LiveSessionAuthenticationTests.production rejects development identity header" storage="/home/developer/worktrees/item-147-live-session-resource-lifecycle/tests/sir.server.tests/bin/release/net10.0/sir.server.tests.dll" id="af97fa3e-3cd5-8a58-fc28-01633b7a4ef8">
      <Execution id="8076f621-acc0-4d43-a7ef-d69a6648bd4a" />
      <TestMethod codeBase="/home/developer/worktrees/item-147-live-session-resource-lifecycle/tests/SIR.Server.Tests/bin/Release/net10.0/SIR.Server.Tests.dll" adapterTypeName="executor://xunit/VsTestRunner3/netcore/" className="SIR.Server.Tests+LiveSessionAuthenticationTests" name="production rejects development identity header" />
    </UnitTest>
    <UnitTest name="SIR.Server.Tests+LiveSessionAuthenticationTests.framework diagnostics suppress rejected query credentials" storage="/home/developer/worktrees/item-147-live-session-resource-lifecycle/tests/sir.server.tests/bin/release/net10.0/sir.server.tests.dll" id="ca8f4372-1632-3c49-4d63-e8521ad1ed66">
      <Execution id="2562b40c-3a54-4ab3-8d7f-10bbff3f2453" />
      <TestMethod codeBase="/home/developer/worktrees/item-147-live-session-resource-lifecycle/tests/SIR.Server.Tests/bin/Release/net10.0/SIR.Server.Tests.dll" adapterTypeName="executor://xunit/VsTestRunner3/netcore/" className="SIR.Server.Tests+LiveSessionAuthenticationTests" name="framework diagnostics suppress rejected query credentials" />
    </UnitTest>
    <UnitTest name="SIR.Server.Tests+LiveSessionAuthenticationTests.production rejects spoofed header and admits signed identity" storage="/home/developer/worktrees/item-147-live-session-resource-lifecycle/tests/sir.server.tests/bin/release/net10.0/sir.server.tests.dll" id="5305a7ec-baca-aaa7-160d-107e16210613">
      <Execution id="660a1e9a-6ee2-4c3b-8072-3db06b67f2be" />
      <TestMethod codeBase="/home/developer/worktrees/item-147-live-session-resource-lifecycle/tests/SIR.Server.Tests/bin/Release/net10.0/SIR.Server.Tests.dll" adapterTypeName="executor://xunit/VsTestRunner3/netcore/" className="SIR.Server.Tests+LiveSessionAuthenticationTests" name="production rejects spoofed header and admits signed identity" />
    </UnitTest>
    <UnitTest name="SIR.Server.Tests+LiveSessionAuthenticationTests.injected clock expires admission" storage="/home/developer/worktrees/item-147-live-session-resource-lifecycle/tests/sir.server.tests/bin/release/net10.0/sir.server.tests.dll" id="282154bb-dfa9-0af3-2a56-88d71f13ed8b">
      <Execution id="e1f78e41-3f71-44b8-965a-c775b9bc0d2c" />
      <TestMethod codeBase="/home/developer/worktrees/item-147-live-session-resource-lifecycle/tests/SIR.Server.Tests/bin/Release/net10.0/SIR.Server.Tests.dll" adapterTypeName="executor://xunit/VsTestRunner3/netcore/" className="SIR.Server.Tests+LiveSessionAuthenticationTests" name="injected clock expires admission" />
    </UnitTest>
  </TestDefinitions>
  <TestEntries>
    <TestEntry testId="5305a7ec-baca-aaa7-160d-107e16210613" executionId="660a1e9a-6ee2-4c3b-8072-3db06b67f2be" testListId="8c84fa94-04c1-424b-9868-57a2d4851a1d" />
    <TestEntry testId="a39e13bc-e383-7706-8a25-94b466af6129" executionId="a60d5846-3b57-4c20-b454-ff8525693c3b" testListId="8c84fa94-04c1-424b-9868-57a2d4851a1d" />
    <TestEntry testId="af97fa3e-3cd5-8a58-fc28-01633b7a4ef8" executionId="8076f621-acc0-4d43-a7ef-d69a6648bd4a" testListId="8c84fa94-04c1-424b-9868-57a2d4851a1d" />
    <TestEntry testId="ca8f4372-1632-3c49-4d63-e8521ad1ed66" executionId="2562b40c-3a54-4ab3-8d7f-10bbff3f2453" testListId="8c84fa94-04c1-424b-9868-57a2d4851a1d" />
    <TestEntry testId="c89c8dc6-f357-8e25-821c-a60f23e84690" executionId="2b3cdd7b-a4ff-46c8-81d1-c65af914bd17" testListId="8c84fa94-04c1-424b-9868-57a2d4851a1d" />
    <TestEntry testId="e6fe9cf1-af0c-218e-31e5-d371329fcd45" executionId="3d8fa6eb-a1a2-4961-a119-9d046479ee8a" testListId="8c84fa94-04c1-424b-9868-57a2d4851a1d" />
    <TestEntry testId="da0ebd1a-9d30-e029-67e8-33a0c59bbf71" executionId="3927c938-d80d-47ff-bed8-e506af73a161" testListId="8c84fa94-04c1-424b-9868-57a2d4851a1d" />
    <TestEntry testId="23d70a59-7169-d804-981b-a6f6a78aaf8d" executionId="32fac874-b9cf-47bd-a193-036ea45c2cb1" testListId="8c84fa94-04c1-424b-9868-57a2d4851a1d" />
    <TestEntry testId="282154bb-dfa9-0af3-2a56-88d71f13ed8b" executionId="e1f78e41-3f71-44b8-965a-c775b9bc0d2c" testListId="8c84fa94-04c1-424b-9868-57a2d4851a1d" />
    <TestEntry testId="e353a7da-dd6c-8e9f-80d4-fe76f65eafb0" executionId="4b975630-7885-430e-991c-1d6724712cd0" testListId="8c84fa94-04c1-424b-9868-57a2d4851a1d" />
    <TestEntry testId="f4589aac-bcc3-f6bd-2938-b6c46193a520" executionId="7fd2c4d6-0764-44e0-bfed-5d3180123c48" testListId="8c84fa94-04c1-424b-9868-57a2d4851a1d" />
  </TestEntries>
  <TestLists>
    <TestList name="Results Not in a List" id="8c84fa94-04c1-424b-9868-57a2d4851a1d" />
    <TestList name="All Loaded Results" id="19431567-8539-422a-85d7-44ee4e166bda" />
  </TestLists>
  <ResultSummary outcome="Completed">
    <Counters total="11" executed="11" passed="11" failed="0" error="0" timeout="0" aborted="0" inconclusive="0" passedButRunAborted="0" notRunnable="0" notExecuted="0" disconnected="0" warning="0" completed="0" inProgress="0" pending="0" />
    <Output>
      <StdOut>[xUnit.net 00:00:00.00] xUnit.net VSTest Adapter v3.1.4+50e68bbb8b (64-bit .NET 10.0.10)
[xUnit.net 00:00:00.04]   Discovering: SIR.Server.Tests
[xUnit.net 00:00:00.06]   Discovered:  SIR.Server.Tests
[xUnit.net 00:00:00.08]   Starting:    SIR.Server.Tests
warn: Microsoft.AspNetCore.StaticFiles.StaticFileMiddleware[16]
      The WebRootPath was not found: /home/developer/worktrees/item-147-live-session-resource-lifecycle/src/SIR.Server/wwwroot. Static files may be unavailable.
info: Microsoft.AspNetCore.DataProtection.KeyManagement.XmlKeyManager[62]
      User profile is available. Using '/home/developer/.aspnet/DataProtection-Keys' as key repository; keys will not be encrypted at rest.
warn: Microsoft.AspNetCore.StaticFiles.StaticFileMiddleware[16]
      The WebRootPath was not found: /home/developer/worktrees/item-147-live-session-resource-lifecycle/src/SIR.Server/wwwroot. Static files may be unavailable.
info: Microsoft.Hosting.Lifetime[0]
      Application started. Press Ctrl+C to shut down.
info: Microsoft.Hosting.Lifetime[0]
      Hosting environment: Production
info: Microsoft.Hosting.Lifetime[0]
      Content root path: /home/developer/worktrees/item-147-live-session-resource-lifecycle/src/SIR.Server
info: Microsoft.AspNetCore.Authorization.DefaultAuthorizationService[2]
      Authorization failed. These requirements were not met:
      DenyAnonymousAuthorizationRequirement: Requires an authenticated user.
info: Microsoft.AspNetCore.Authentication.JwtBearer.JwtBearerHandler[12]
      AuthenticationScheme: Bearer was challenged.
info: Microsoft.AspNetCore.Routing.EndpointMiddleware[0]
      Executing endpoint 'HTTP: POST /api/bootstrap =&gt; Invoke'
info: Microsoft.AspNetCore.Http.Result.ContentResult[2]
      Write content with HTTP Response ContentType of application/json
info: Microsoft.AspNetCore.Routing.EndpointMiddleware[1]
      Executed endpoint 'HTTP: POST /api/bootstrap =&gt; Invoke'
info: Microsoft.Hosting.Lifetime[0]
      Application is shutting down...
warn: Microsoft.AspNetCore.StaticFiles.StaticFileMiddleware[16]
      The WebRootPath was not found: /home/developer/worktrees/item-147-live-session-resource-lifecycle/src/SIR.Server/wwwroot. Static files may be unavailable.
info: Microsoft.AspNetCore.DataProtection.KeyManagement.XmlKeyManager[62]
      User profile is available. Using '/home/developer/.aspnet/DataProtection-Keys' as key repository; keys will not be encrypted at rest.
warn: Microsoft.AspNetCore.StaticFiles.StaticFileMiddleware[16]
      The WebRootPath was not found: /home/developer/worktrees/item-147-live-session-resource-lifecycle/src/SIR.Server/wwwroot. Static files may be unavailable.
info: Microsoft.Hosting.Lifetime[0]
      Application started. Press Ctrl+C to shut down.
info: Microsoft.Hosting.Lifetime[0]
      Hosting environment: Production
info: Microsoft.Hosting.Lifetime[0]
      Content root path: /home/developer/worktrees/item-147-live-session-resource-lifecycle/src/SIR.Server
info: Microsoft.AspNetCore.Authorization.DefaultAuthorizationService[2]
      Authorization failed. These requirements were not met:
      DenyAnonymousAuthorizationRequirement: Requires an authenticated user.
info: Microsoft.AspNetCore.Authentication.JwtBearer.JwtBearerHandler[12]
      AuthenticationScheme: Bearer was challenged.
info: Microsoft.Hosting.Lifetime[0]
      Application is shutting down...
warn: Microsoft.AspNetCore.StaticFiles.StaticFileMiddleware[16]
      The WebRootPath was not found: /home/developer/worktrees/item-147-live-session-resource-lifecycle/src/SIR.Server/wwwroot. Static files may be unavailable.
info: Microsoft.AspNetCore.DataProtection.KeyManagement.XmlKeyManager[62]
      User profile is available. Using '/home/developer/.aspnet/DataProtection-Keys' as key repository; keys will not be encrypted at rest.
warn: Microsoft.AspNetCore.StaticFiles.StaticFileMiddleware[16]
      The WebRootPath was not found: /home/developer/worktrees/item-147-live-session-resource-lifecycle/src/SIR.Server/wwwroot. Static files may be unavailable.
info: Microsoft.Hosting.Lifetime[0]
      Application started. Press Ctrl+C to shut down.
info: Microsoft.Hosting.Lifetime[0]
      Hosting environment: Production
info: Microsoft.Hosting.Lifetime[0]
      Content root path: /home/developer/worktrees/item-147-live-session-resource-lifecycle/src/SIR.Server
info: Microsoft.AspNetCore.Routing.EndpointMiddleware[0]
      Executing endpoint 'HTTP: POST /api/bootstrap =&gt; Invoke'
info: Microsoft.AspNetCore.Http.Result.BadRequestObjectResult[1]
      Setting HTTP status code 400.
info: Microsoft.AspNetCore.Http.Result.BadRequestObjectResult[3]
      Writing value of type '&lt;&gt;f__AnonymousType3781612660`1' as Json.
info: Microsoft.AspNetCore.Routing.EndpointMiddleware[1]
      Executed endpoint 'HTTP: POST /api/bootstrap =&gt; Invoke'
info: Microsoft.Hosting.Lifetime[0]
      Application is shutting down...
warn: Microsoft.AspNetCore.StaticFiles.StaticFileMiddleware[16]
      The WebRootPath was not found: /home/developer/worktrees/item-147-live-session-resource-lifecycle/src/SIR.Server/wwwroot. Static files may be unavailable.
info: Microsoft.AspNetCore.DataProtection.KeyManagement.XmlKeyManager[62]
      User profile is available. Using '/home/developer/.aspnet/DataProtection-Keys' as key repository; keys will not be encrypted at rest.
warn: Microsoft.AspNetCore.StaticFiles.StaticFileMiddleware[16]
      The WebRootPath was not found: /home/developer/worktrees/item-147-live-session-resource-lifecycle/src/SIR.Server/wwwroot. Static files may be unavailable.
info: Microsoft.Hosting.Lifetime[0]
      Application started. Press Ctrl+C to shut down.
info: Microsoft.Hosting.Lifetime[0]
      Hosting environment: Production
info: Microsoft.Hosting.Lifetime[0]
      Content root path: /home/developer/worktrees/item-147-live-session-resource-lifecycle/src/SIR.Server
info: Microsoft.AspNetCore.Authorization.DefaultAuthorizationService[2]
      Authorization failed. These requirements were not met:
      DenyAnonymousAuthorizationRequirement: Requires an authenticated user.
info: Microsoft.AspNetCore.Authentication.JwtBearer.JwtBearerHandler[12]
      AuthenticationScheme: Bearer was challenged.
info: Microsoft.Hosting.Lifetime[0]
      Application is shutting down...
[xUnit.net 00:00:00.53]   Finished:    SIR.Server.Tests
</StdOut>
    </Output>
  </ResultSummary>
</TestRun>