<?xml version="1.0" encoding="utf-8"?>
<TestRun id="2165b796-1cd6-4cf8-9633-aaef694bb637" name="@60c9e64cc8e0 2026-08-11 00:46:37" xmlns="http://microsoft.com/schemas/VisualStudio/TeamTest/2010">
  <Times creation="2026-08-11T00:46:37.3311824+02:00" queuing="2026-08-11T00:46:37.3311824+02:00" start="2026-08-11T00:46:36.5391395+02:00" finish="2026-08-11T00:46:37.3577797+02:00" />
  <TestSettings name="default" id="7ee0d2e4-d97a-4131-aa8b-40d35e87dad9">
    <Deployment runDeploymentRoot="_60c9e64cc8e0_2026-08-11_00_46_37" />
  </TestSettings>
  <Results>
    <UnitTestResult executionId="12b992c7-06fc-49e3-b9eb-78b3690a2cfa" testId="23d70a59-7169-d804-981b-a6f6a78aaf8d" testName="SIR.Server.Tests+LiveSessionAuthenticationTests.production rejects absent bearer identity" computerName="60c9e64cc8e0" duration="00:00:00.0118398" startTime="2026-08-11T00:46:37.2455645+02:00" endTime="2026-08-11T00:46:37.2570276+02:00" testType="13cdc9d9-ddb5-4fa4-a97d-d965ccfc6d4b" outcome="Passed" testListId="8c84fa94-04c1-424b-9868-57a2d4851a1d" relativeResultsDirectory="12b992c7-06fc-49e3-b9eb-78b3690a2cfa" />
    <UnitTestResult executionId="b5521bd5-9d60-4d55-b233-08321526ea08" testId="9e3ff86a-705e-2c5a-b13d-2650ba750e9f" testName="SIR.Server.Tests+LiveSessionAuthenticationTests.independent sessions mutate concurrently" computerName="60c9e64cc8e0" duration="00:00:00.0048126" startTime="2026-08-11T00:46:37.2387483+02:00" endTime="2026-08-11T00:46:37.2430430+02:00" testType="13cdc9d9-ddb5-4fa4-a97d-d965ccfc6d4b" outcome="Passed" testListId="8c84fa94-04c1-424b-9868-57a2d4851a1d" relativeResultsDirectory="b5521bd5-9d60-4d55-b233-08321526ea08" />
    <UnitTestResult executionId="6012c3a0-99eb-4232-8746-6498de6e33b2" testId="f4589aac-bcc3-f6bd-2938-b6c46193a520" testName="SIR.Server.Tests+LiveSessionAuthenticationTests.bootstrap rejects cross actor identity" computerName="60c9e64cc8e0" duration="00:00:00.0181746" startTime="2026-08-11T00:46:37.3118506+02:00" endTime="2026-08-11T00:46:37.3119031+02:00" testType="13cdc9d9-ddb5-4fa4-a97d-d965ccfc6d4b" outcome="Passed" testListId="8c84fa94-04c1-424b-9868-57a2d4851a1d" relativeResultsDirectory="6012c3a0-99eb-4232-8746-6498de6e33b2" />
    <UnitTestResult executionId="f9815516-ac81-4373-b781-b747fb0cf96f" testId="af97fa3e-3cd5-8a58-fc28-01633b7a4ef8" testName="SIR.Server.Tests+LiveSessionAuthenticationTests.production rejects development identity header" computerName="60c9e64cc8e0" duration="00:00:00.0083944" startTime="2026-08-11T00:46:37.3119784+02:00" endTime="2026-08-11T00:46:37.3155171+02:00" testType="13cdc9d9-ddb5-4fa4-a97d-d965ccfc6d4b" outcome="Passed" testListId="8c84fa94-04c1-424b-9868-57a2d4851a1d" relativeResultsDirectory="f9815516-ac81-4373-b781-b747fb0cf96f" />
    <UnitTestResult executionId="7026b3bb-0781-4676-86d3-9b838c15de38" testId="5305a7ec-baca-aaa7-160d-107e16210613" testName="SIR.Server.Tests+LiveSessionAuthenticationTests.production rejects spoofed header and admits signed identity" computerName="60c9e64cc8e0" duration="00:00:00.2069971" startTime="2026-08-11T00:46:37.0366106+02:00" endTime="2026-08-11T00:46:37.2382280+02:00" testType="13cdc9d9-ddb5-4fa4-a97d-d965ccfc6d4b" outcome="Passed" testListId="8c84fa94-04c1-424b-9868-57a2d4851a1d" relativeResultsDirectory="7026b3bb-0781-4676-86d3-9b838c15de38" />
    <UnitTestResult executionId="8f24a0e4-da1b-46d5-9bb6-0883466da05c" testId="da0ebd1a-9d30-e029-67e8-33a0c59bbf71" testName="SIR.Server.Tests+LiveSessionAuthenticationTests.bootstrap rate limiting and lifecycle metrics are observable" computerName="60c9e64cc8e0" duration="00:00:00.0006922" startTime="2026-08-11T00:46:37.3113415+02:00" endTime="2026-08-11T00:46:37.3113972+02:00" testType="13cdc9d9-ddb5-4fa4-a97d-d965ccfc6d4b" outcome="Passed" testListId="8c84fa94-04c1-424b-9868-57a2d4851a1d" relativeResultsDirectory="8f24a0e4-da1b-46d5-9bb6-0883466da05c" />
    <UnitTestResult executionId="7c08edb6-55cd-47c9-a3d5-c0deff5856d1" testId="e6fe9cf1-af0c-218e-31e5-d371329fcd45" testName="SIR.Server.Tests+LiveSessionAuthenticationTests.query only credentials and revoked sessions are denied" computerName="60c9e64cc8e0" duration="00:00:00.0002413" startTime="2026-08-11T00:46:37.3155988+02:00" endTime="2026-08-11T00:46:37.3158132+02:00" testType="13cdc9d9-ddb5-4fa4-a97d-d965ccfc6d4b" outcome="Passed" testListId="8c84fa94-04c1-424b-9868-57a2d4851a1d" relativeResultsDirectory="7c08edb6-55cd-47c9-a3d5-c0deff5856d1" />
    <UnitTestResult executionId="772bfd9a-dcd9-4a46-902d-0da735d5a395" testId="a39e13bc-e383-7706-8a25-94b466af6129" testName="SIR.Server.Tests+LiveSessionAuthenticationTests.takeover rejects superseded connection and keeps deterministic work" computerName="60c9e64cc8e0" duration="00:00:00.0016551" startTime="2026-08-11T00:46:37.3117341+02:00" endTime="2026-08-11T00:46:37.3117675+02:00" testType="13cdc9d9-ddb5-4fa4-a97d-d965ccfc6d4b" outcome="Passed" testListId="8c84fa94-04c1-424b-9868-57a2d4851a1d" relativeResultsDirectory="772bfd9a-dcd9-4a46-902d-0da735d5a395" />
    <UnitTestResult executionId="65418c5f-73e2-40a6-a5dd-4c79aee76279" testId="7f38d18e-8840-31f5-982b-47e6ef418666" testName="SIR.Server.Tests+LiveSessionAuthenticationTests.superseded admission releases capacity with stable denial" computerName="60c9e64cc8e0" duration="00:00:00.0007974" startTime="2026-08-11T00:46:37.2443427+02:00" endTime="2026-08-11T00:46:37.2454814+02:00" testType="13cdc9d9-ddb5-4fa4-a97d-d965ccfc6d4b" outcome="Passed" testListId="8c84fa94-04c1-424b-9868-57a2d4851a1d" relativeResultsDirectory="65418c5f-73e2-40a6-a5dd-4c79aee76279" />
    <UnitTestResult executionId="e55cb5b9-8c2b-4caf-91c2-e6eff662cbda" testId="c89c8dc6-f357-8e25-821c-a60f23e84690" testName="SIR.Server.Tests+LiveSessionAuthenticationTests.concurrent admissions never exceed capacity" computerName="60c9e64cc8e0" duration="00:00:00.0086563" startTime="2026-08-11T00:46:37.2769484+02:00" endTime="2026-08-11T00:46:37.2855919+02:00" testType="13cdc9d9-ddb5-4fa4-a97d-d965ccfc6d4b" outcome="Passed" testListId="8c84fa94-04c1-424b-9868-57a2d4851a1d" relativeResultsDirectory="e55cb5b9-8c2b-4caf-91c2-e6eff662cbda" />
    <UnitTestResult executionId="ca35bbe9-32e0-4010-8cbf-4567ab54f26c" testId="23f90c22-9055-e0a6-0c21-5e2669fa90f9" testName="SIR.Server.Tests+LiveSessionAuthenticationTests.chunked bootstrap body is rejected before parsing" computerName="60c9e64cc8e0" duration="00:00:00.0194873" startTime="2026-08-11T00:46:37.2571653+02:00" endTime="2026-08-11T00:46:37.2765795+02:00" testType="13cdc9d9-ddb5-4fa4-a97d-d965ccfc6d4b" outcome="Passed" testListId="8c84fa94-04c1-424b-9868-57a2d4851a1d" relativeResultsDirectory="ca35bbe9-32e0-4010-8cbf-4567ab54f26c" />
    <UnitTestResult executionId="c471b54e-ff6e-428a-bebe-9b6516b45878" testId="ca8f4372-1632-3c49-4d63-e8521ad1ed66" testName="SIR.Server.Tests+LiveSessionAuthenticationTests.framework diagnostics suppress rejected query credentials" computerName="60c9e64cc8e0" duration="00:00:00.1665221" startTime="2026-08-11T00:46:36.8610374+02:00" endTime="2026-08-11T00:46:37.0311394+02:00" testType="13cdc9d9-ddb5-4fa4-a97d-d965ccfc6d4b" outcome="Passed" testListId="8c84fa94-04c1-424b-9868-57a2d4851a1d" relativeResultsDirectory="c471b54e-ff6e-428a-bebe-9b6516b45878" />
    <UnitTestResult executionId="249a4c4c-a026-43cf-83dd-a9d132be1833" testId="282154bb-dfa9-0af3-2a56-88d71f13ed8b" testName="SIR.Server.Tests+LiveSessionAuthenticationTests.injected clock expires admission" computerName="60c9e64cc8e0" duration="00:00:00.0002775" startTime="2026-08-11T00:46:37.2767217+02:00" endTime="2026-08-11T00:46:37.2768686+02:00" testType="13cdc9d9-ddb5-4fa4-a97d-d965ccfc6d4b" outcome="Passed" testListId="8c84fa94-04c1-424b-9868-57a2d4851a1d" relativeResultsDirectory="249a4c4c-a026-43cf-83dd-a9d132be1833" />
    <UnitTestResult executionId="6431df2d-0642-4acd-9080-c44e72932235" testId="ffd9e77d-fa91-7dbc-76ba-a8221563082e" testName="SIR.Server.Tests+LiveSessionAuthenticationTests.disconnect grace expires and releases a session" computerName="60c9e64cc8e0" duration="00:00:00.0006727" startTime="2026-08-11T00:46:37.3116056+02:00" endTime="2026-08-11T00:46:37.3116423+02:00" testType="13cdc9d9-ddb5-4fa4-a97d-d965ccfc6d4b" outcome="Passed" testListId="8c84fa94-04c1-424b-9868-57a2d4851a1d" relativeResultsDirectory="6431df2d-0642-4acd-9080-c44e72932235" />
    <UnitTestResult executionId="e9a7f38d-a043-4a95-af9e-1c0cc5f88581" testId="e353a7da-dd6c-8e9f-80d4-fe76f65eafb0" testName="SIR.Server.Tests+LiveSessionAuthenticationTests.bootstrap bounds actor names and global session admission" computerName="60c9e64cc8e0" duration="00:00:00.0011950" startTime="2026-08-11T00:46:37.2431417+02:00" endTime="2026-08-11T00:46:37.2442814+02:00" testType="13cdc9d9-ddb5-4fa4-a97d-d965ccfc6d4b" outcome="Passed" testListId="8c84fa94-04c1-424b-9868-57a2d4851a1d" relativeResultsDirectory="e9a7f38d-a043-4a95-af9e-1c0cc5f88581" />
  </Results>
  <TestDefinitions>
    <UnitTest name="SIR.Server.Tests+LiveSessionAuthenticationTests.concurrent admissions never exceed capacity" storage="/home/developer/worktrees/item-147-live-session-resource-lifecycle/tests/sir.server.tests/bin/release/net10.0/sir.server.tests.dll" id="c89c8dc6-f357-8e25-821c-a60f23e84690">
      <Execution id="e55cb5b9-8c2b-4caf-91c2-e6eff662cbda" />
      <TestMethod codeBase="/home/developer/worktrees/item-147-live-session-resource-lifecycle/tests/SIR.Server.Tests/bin/Release/net10.0/SIR.Server.Tests.dll" adapterTypeName="executor://xunit/VsTestRunner3/netcore/" className="SIR.Server.Tests+LiveSessionAuthenticationTests" name="concurrent admissions never exceed capacity" />
    </UnitTest>
    <UnitTest name="SIR.Server.Tests+LiveSessionAuthenticationTests.independent sessions mutate concurrently" storage="/home/developer/worktrees/item-147-live-session-resource-lifecycle/tests/sir.server.tests/bin/release/net10.0/sir.server.tests.dll" id="9e3ff86a-705e-2c5a-b13d-2650ba750e9f">
      <Execution id="b5521bd5-9d60-4d55-b233-08321526ea08" />
      <TestMethod codeBase="/home/developer/worktrees/item-147-live-session-resource-lifecycle/tests/SIR.Server.Tests/bin/Release/net10.0/SIR.Server.Tests.dll" adapterTypeName="executor://xunit/VsTestRunner3/netcore/" className="SIR.Server.Tests+LiveSessionAuthenticationTests" name="independent sessions mutate concurrently" />
    </UnitTest>
    <UnitTest name="SIR.Server.Tests+LiveSessionAuthenticationTests.query only credentials and revoked sessions are denied" storage="/home/developer/worktrees/item-147-live-session-resource-lifecycle/tests/sir.server.tests/bin/release/net10.0/sir.server.tests.dll" id="e6fe9cf1-af0c-218e-31e5-d371329fcd45">
      <Execution id="7c08edb6-55cd-47c9-a3d5-c0deff5856d1" />
      <TestMethod codeBase="/home/developer/worktrees/item-147-live-session-resource-lifecycle/tests/SIR.Server.Tests/bin/Release/net10.0/SIR.Server.Tests.dll" adapterTypeName="executor://xunit/VsTestRunner3/netcore/" className="SIR.Server.Tests+LiveSessionAuthenticationTests" name="query only credentials and revoked sessions are denied" />
    </UnitTest>
    <UnitTest name="SIR.Server.Tests+LiveSessionAuthenticationTests.bootstrap rate limiting and lifecycle metrics are observable" storage="/home/developer/worktrees/item-147-live-session-resource-lifecycle/tests/sir.server.tests/bin/release/net10.0/sir.server.tests.dll" id="da0ebd1a-9d30-e029-67e8-33a0c59bbf71">
      <Execution id="8f24a0e4-da1b-46d5-9bb6-0883466da05c" />
      <TestMethod codeBase="/home/developer/worktrees/item-147-live-session-resource-lifecycle/tests/SIR.Server.Tests/bin/Release/net10.0/SIR.Server.Tests.dll" adapterTypeName="executor://xunit/VsTestRunner3/netcore/" className="SIR.Server.Tests+LiveSessionAuthenticationTests" name="bootstrap rate limiting and lifecycle metrics are observable" />
    </UnitTest>
    <UnitTest name="SIR.Server.Tests+LiveSessionAuthenticationTests.superseded admission releases capacity with stable denial" storage="/home/developer/worktrees/item-147-live-session-resource-lifecycle/tests/sir.server.tests/bin/release/net10.0/sir.server.tests.dll" id="7f38d18e-8840-31f5-982b-47e6ef418666">
      <Execution id="65418c5f-73e2-40a6-a5dd-4c79aee76279" />
      <TestMethod codeBase="/home/developer/worktrees/item-147-live-session-resource-lifecycle/tests/SIR.Server.Tests/bin/Release/net10.0/SIR.Server.Tests.dll" adapterTypeName="executor://xunit/VsTestRunner3/netcore/" className="SIR.Server.Tests+LiveSessionAuthenticationTests" name="superseded admission releases capacity with stable denial" />
    </UnitTest>
    <UnitTest name="SIR.Server.Tests+LiveSessionAuthenticationTests.production rejects absent bearer identity" storage="/home/developer/worktrees/item-147-live-session-resource-lifecycle/tests/sir.server.tests/bin/release/net10.0/sir.server.tests.dll" id="23d70a59-7169-d804-981b-a6f6a78aaf8d">
      <Execution id="12b992c7-06fc-49e3-b9eb-78b3690a2cfa" />
      <TestMethod codeBase="/home/developer/worktrees/item-147-live-session-resource-lifecycle/tests/SIR.Server.Tests/bin/Release/net10.0/SIR.Server.Tests.dll" adapterTypeName="executor://xunit/VsTestRunner3/netcore/" className="SIR.Server.Tests+LiveSessionAuthenticationTests" name="production rejects absent bearer identity" />
    </UnitTest>
    <UnitTest name="SIR.Server.Tests+LiveSessionAuthenticationTests.injected clock expires admission" storage="/home/developer/worktrees/item-147-live-session-resource-lifecycle/tests/sir.server.tests/bin/release/net10.0/sir.server.tests.dll" id="282154bb-dfa9-0af3-2a56-88d71f13ed8b">
      <Execution id="249a4c4c-a026-43cf-83dd-a9d132be1833" />
      <TestMethod codeBase="/home/developer/worktrees/item-147-live-session-resource-lifecycle/tests/SIR.Server.Tests/bin/Release/net10.0/SIR.Server.Tests.dll" adapterTypeName="executor://xunit/VsTestRunner3/netcore/" className="SIR.Server.Tests+LiveSessionAuthenticationTests" name="injected clock expires admission" />
    </UnitTest>
    <UnitTest name="SIR.Server.Tests+LiveSessionAuthenticationTests.framework diagnostics suppress rejected query credentials" storage="/home/developer/worktrees/item-147-live-session-resource-lifecycle/tests/sir.server.tests/bin/release/net10.0/sir.server.tests.dll" id="ca8f4372-1632-3c49-4d63-e8521ad1ed66">
      <Execution id="c471b54e-ff6e-428a-bebe-9b6516b45878" />
      <TestMethod codeBase="/home/developer/worktrees/item-147-live-session-resource-lifecycle/tests/SIR.Server.Tests/bin/Release/net10.0/SIR.Server.Tests.dll" adapterTypeName="executor://xunit/VsTestRunner3/netcore/" className="SIR.Server.Tests+LiveSessionAuthenticationTests" name="framework diagnostics suppress rejected query credentials" />
    </UnitTest>
    <UnitTest name="SIR.Server.Tests+LiveSessionAuthenticationTests.disconnect grace expires and releases a session" storage="/home/developer/worktrees/item-147-live-session-resource-lifecycle/tests/sir.server.tests/bin/release/net10.0/sir.server.tests.dll" id="ffd9e77d-fa91-7dbc-76ba-a8221563082e">
      <Execution id="6431df2d-0642-4acd-9080-c44e72932235" />
      <TestMethod codeBase="/home/developer/worktrees/item-147-live-session-resource-lifecycle/tests/SIR.Server.Tests/bin/Release/net10.0/SIR.Server.Tests.dll" adapterTypeName="executor://xunit/VsTestRunner3/netcore/" className="SIR.Server.Tests+LiveSessionAuthenticationTests" name="disconnect grace expires and releases a session" />
    </UnitTest>
    <UnitTest name="SIR.Server.Tests+LiveSessionAuthenticationTests.bootstrap bounds actor names and global session admission" storage="/home/developer/worktrees/item-147-live-session-resource-lifecycle/tests/sir.server.tests/bin/release/net10.0/sir.server.tests.dll" id="e353a7da-dd6c-8e9f-80d4-fe76f65eafb0">
      <Execution id="e9a7f38d-a043-4a95-af9e-1c0cc5f88581" />
      <TestMethod codeBase="/home/developer/worktrees/item-147-live-session-resource-lifecycle/tests/SIR.Server.Tests/bin/Release/net10.0/SIR.Server.Tests.dll" adapterTypeName="executor://xunit/VsTestRunner3/netcore/" className="SIR.Server.Tests+LiveSessionAuthenticationTests" name="bootstrap bounds actor names and global session admission" />
    </UnitTest>
    <UnitTest name="SIR.Server.Tests+LiveSessionAuthenticationTests.production rejects spoofed header and admits signed identity" storage="/home/developer/worktrees/item-147-live-session-resource-lifecycle/tests/sir.server.tests/bin/release/net10.0/sir.server.tests.dll" id="5305a7ec-baca-aaa7-160d-107e16210613">
      <Execution id="7026b3bb-0781-4676-86d3-9b838c15de38" />
      <TestMethod codeBase="/home/developer/worktrees/item-147-live-session-resource-lifecycle/tests/SIR.Server.Tests/bin/Release/net10.0/SIR.Server.Tests.dll" adapterTypeName="executor://xunit/VsTestRunner3/netcore/" className="SIR.Server.Tests+LiveSessionAuthenticationTests" name="production rejects spoofed header and admits signed identity" />
    </UnitTest>
    <UnitTest name="SIR.Server.Tests+LiveSessionAuthenticationTests.production rejects development identity header" storage="/home/developer/worktrees/item-147-live-session-resource-lifecycle/tests/sir.server.tests/bin/release/net10.0/sir.server.tests.dll" id="af97fa3e-3cd5-8a58-fc28-01633b7a4ef8">
      <Execution id="f9815516-ac81-4373-b781-b747fb0cf96f" />
      <TestMethod codeBase="/home/developer/worktrees/item-147-live-session-resource-lifecycle/tests/SIR.Server.Tests/bin/Release/net10.0/SIR.Server.Tests.dll" adapterTypeName="executor://xunit/VsTestRunner3/netcore/" className="SIR.Server.Tests+LiveSessionAuthenticationTests" name="production rejects development identity header" />
    </UnitTest>
    <UnitTest name="SIR.Server.Tests+LiveSessionAuthenticationTests.takeover rejects superseded connection and keeps deterministic work" storage="/home/developer/worktrees/item-147-live-session-resource-lifecycle/tests/sir.server.tests/bin/release/net10.0/sir.server.tests.dll" id="a39e13bc-e383-7706-8a25-94b466af6129">
      <Execution id="772bfd9a-dcd9-4a46-902d-0da735d5a395" />
      <TestMethod codeBase="/home/developer/worktrees/item-147-live-session-resource-lifecycle/tests/SIR.Server.Tests/bin/Release/net10.0/SIR.Server.Tests.dll" adapterTypeName="executor://xunit/VsTestRunner3/netcore/" className="SIR.Server.Tests+LiveSessionAuthenticationTests" name="takeover rejects superseded connection and keeps deterministic work" />
    </UnitTest>
    <UnitTest name="SIR.Server.Tests+LiveSessionAuthenticationTests.bootstrap rejects cross actor identity" storage="/home/developer/worktrees/item-147-live-session-resource-lifecycle/tests/sir.server.tests/bin/release/net10.0/sir.server.tests.dll" id="f4589aac-bcc3-f6bd-2938-b6c46193a520">
      <Execution id="6012c3a0-99eb-4232-8746-6498de6e33b2" />
      <TestMethod codeBase="/home/developer/worktrees/item-147-live-session-resource-lifecycle/tests/SIR.Server.Tests/bin/Release/net10.0/SIR.Server.Tests.dll" adapterTypeName="executor://xunit/VsTestRunner3/netcore/" className="SIR.Server.Tests+LiveSessionAuthenticationTests" name="bootstrap rejects cross actor identity" />
    </UnitTest>
    <UnitTest name="SIR.Server.Tests+LiveSessionAuthenticationTests.chunked bootstrap body is rejected before parsing" storage="/home/developer/worktrees/item-147-live-session-resource-lifecycle/tests/sir.server.tests/bin/release/net10.0/sir.server.tests.dll" id="23f90c22-9055-e0a6-0c21-5e2669fa90f9">
      <Execution id="ca35bbe9-32e0-4010-8cbf-4567ab54f26c" />
      <TestMethod codeBase="/home/developer/worktrees/item-147-live-session-resource-lifecycle/tests/SIR.Server.Tests/bin/Release/net10.0/SIR.Server.Tests.dll" adapterTypeName="executor://xunit/VsTestRunner3/netcore/" className="SIR.Server.Tests+LiveSessionAuthenticationTests" name="chunked bootstrap body is rejected before parsing" />
    </UnitTest>
  </TestDefinitions>
  <TestEntries>
    <TestEntry testId="23d70a59-7169-d804-981b-a6f6a78aaf8d" executionId="12b992c7-06fc-49e3-b9eb-78b3690a2cfa" testListId="8c84fa94-04c1-424b-9868-57a2d4851a1d" />
    <TestEntry testId="9e3ff86a-705e-2c5a-b13d-2650ba750e9f" executionId="b5521bd5-9d60-4d55-b233-08321526ea08" testListId="8c84fa94-04c1-424b-9868-57a2d4851a1d" />
    <TestEntry testId="f4589aac-bcc3-f6bd-2938-b6c46193a520" executionId="6012c3a0-99eb-4232-8746-6498de6e33b2" testListId="8c84fa94-04c1-424b-9868-57a2d4851a1d" />
    <TestEntry testId="af97fa3e-3cd5-8a58-fc28-01633b7a4ef8" executionId="f9815516-ac81-4373-b781-b747fb0cf96f" testListId="8c84fa94-04c1-424b-9868-57a2d4851a1d" />
    <TestEntry testId="5305a7ec-baca-aaa7-160d-107e16210613" executionId="7026b3bb-0781-4676-86d3-9b838c15de38" testListId="8c84fa94-04c1-424b-9868-57a2d4851a1d" />
    <TestEntry testId="da0ebd1a-9d30-e029-67e8-33a0c59bbf71" executionId="8f24a0e4-da1b-46d5-9bb6-0883466da05c" testListId="8c84fa94-04c1-424b-9868-57a2d4851a1d" />
    <TestEntry testId="e6fe9cf1-af0c-218e-31e5-d371329fcd45" executionId="7c08edb6-55cd-47c9-a3d5-c0deff5856d1" testListId="8c84fa94-04c1-424b-9868-57a2d4851a1d" />
    <TestEntry testId="a39e13bc-e383-7706-8a25-94b466af6129" executionId="772bfd9a-dcd9-4a46-902d-0da735d5a395" testListId="8c84fa94-04c1-424b-9868-57a2d4851a1d" />
    <TestEntry testId="7f38d18e-8840-31f5-982b-47e6ef418666" executionId="65418c5f-73e2-40a6-a5dd-4c79aee76279" testListId="8c84fa94-04c1-424b-9868-57a2d4851a1d" />
    <TestEntry testId="c89c8dc6-f357-8e25-821c-a60f23e84690" executionId="e55cb5b9-8c2b-4caf-91c2-e6eff662cbda" testListId="8c84fa94-04c1-424b-9868-57a2d4851a1d" />
    <TestEntry testId="23f90c22-9055-e0a6-0c21-5e2669fa90f9" executionId="ca35bbe9-32e0-4010-8cbf-4567ab54f26c" testListId="8c84fa94-04c1-424b-9868-57a2d4851a1d" />
    <TestEntry testId="ca8f4372-1632-3c49-4d63-e8521ad1ed66" executionId="c471b54e-ff6e-428a-bebe-9b6516b45878" testListId="8c84fa94-04c1-424b-9868-57a2d4851a1d" />
    <TestEntry testId="282154bb-dfa9-0af3-2a56-88d71f13ed8b" executionId="249a4c4c-a026-43cf-83dd-a9d132be1833" testListId="8c84fa94-04c1-424b-9868-57a2d4851a1d" />
    <TestEntry testId="ffd9e77d-fa91-7dbc-76ba-a8221563082e" executionId="6431df2d-0642-4acd-9080-c44e72932235" testListId="8c84fa94-04c1-424b-9868-57a2d4851a1d" />
    <TestEntry testId="e353a7da-dd6c-8e9f-80d4-fe76f65eafb0" executionId="e9a7f38d-a043-4a95-af9e-1c0cc5f88581" testListId="8c84fa94-04c1-424b-9868-57a2d4851a1d" />
  </TestEntries>
  <TestLists>
    <TestList name="Results Not in a List" id="8c84fa94-04c1-424b-9868-57a2d4851a1d" />
    <TestList name="All Loaded Results" id="19431567-8539-422a-85d7-44ee4e166bda" />
  </TestLists>
  <ResultSummary outcome="Completed">
    <Counters total="15" executed="15" passed="15" failed="0" error="0" timeout="0" aborted="0" inconclusive="0" passedButRunAborted="0" notRunnable="0" notExecuted="0" disconnected="0" warning="0" completed="0" inProgress="0" pending="0" />
    <Output>
      <StdOut>[xUnit.net 00:00:00.00] xUnit.net VSTest Adapter v3.1.4+50e68bbb8b (64-bit .NET 10.0.10)
[xUnit.net 00:00:00.04]   Discovering: SIR.Server.Tests
[xUnit.net 00:00:00.06]   Discovered:  SIR.Server.Tests
[xUnit.net 00:00:00.08]   Starting:    SIR.Server.Tests
warn: Microsoft.AspNetCore.StaticFiles.StaticFileMiddleware[16]
      The WebRootPath was not found: /home/developer/worktrees/item-147-live-session-resource-lifecycle/src/SIR.Server/wwwroot. Static files may be unavailable.
info: Microsoft.AspNetCore.DataProtection.KeyManagement.XmlKeyManager[62]
      User profile is available. Using '/home/developer/.aspnet/DataProtection-Keys' as key repository; keys will not be encrypted at rest.
warn: Microsoft.AspNetCore.StaticFiles.StaticFileMiddleware[16]
      The WebRootPath was not found: /home/developer/worktrees/item-147-live-session-resource-lifecycle/src/SIR.Server/wwwroot. Static files may be unavailable.
info: Microsoft.Hosting.Lifetime[0]
      Application started. Press Ctrl+C to shut down.
info: Microsoft.Hosting.Lifetime[0]
      Hosting environment: Production
info: Microsoft.Hosting.Lifetime[0]
      Content root path: /home/developer/worktrees/item-147-live-session-resource-lifecycle/src/SIR.Server
info: Microsoft.AspNetCore.Authorization.DefaultAuthorizationService[2]
      Authorization failed. These requirements were not met:
      DenyAnonymousAuthorizationRequirement: Requires an authenticated user.
info: Microsoft.AspNetCore.Authentication.JwtBearer.JwtBearerHandler[12]
      AuthenticationScheme: Bearer was challenged.
info: Microsoft.AspNetCore.Routing.EndpointMiddleware[0]
      Executing endpoint 'HTTP: POST /api/bootstrap =&gt; Invoke'
info: Microsoft.AspNetCore.Http.Result.ContentResult[2]
      Write content with HTTP Response ContentType of application/json
info: Microsoft.AspNetCore.Routing.EndpointMiddleware[1]
      Executed endpoint 'HTTP: POST /api/bootstrap =&gt; Invoke'
info: Microsoft.Hosting.Lifetime[0]
      Application is shutting down...
warn: Microsoft.AspNetCore.StaticFiles.StaticFileMiddleware[16]
      The WebRootPath was not found: /home/developer/worktrees/item-147-live-session-resource-lifecycle/src/SIR.Server/wwwroot. Static files may be unavailable.
info: Microsoft.AspNetCore.DataProtection.KeyManagement.XmlKeyManager[62]
      User profile is available. Using '/home/developer/.aspnet/DataProtection-Keys' as key repository; keys will not be encrypted at rest.
warn: Microsoft.AspNetCore.StaticFiles.StaticFileMiddleware[16]
      The WebRootPath was not found: /home/developer/worktrees/item-147-live-session-resource-lifecycle/src/SIR.Server/wwwroot. Static files may be unavailable.
info: Microsoft.Hosting.Lifetime[0]
      Application started. Press Ctrl+C to shut down.
info: Microsoft.Hosting.Lifetime[0]
      Hosting environment: Production
info: Microsoft.Hosting.Lifetime[0]
      Content root path: /home/developer/worktrees/item-147-live-session-resource-lifecycle/src/SIR.Server
info: Microsoft.AspNetCore.Authorization.DefaultAuthorizationService[2]
      Authorization failed. These requirements were not met:
      DenyAnonymousAuthorizationRequirement: Requires an authenticated user.
info: Microsoft.AspNetCore.Authentication.JwtBearer.JwtBearerHandler[12]
      AuthenticationScheme: Bearer was challenged.
info: Microsoft.Hosting.Lifetime[0]
      Application is shutting down...
warn: Microsoft.AspNetCore.StaticFiles.StaticFileMiddleware[16]
      The WebRootPath was not found: /home/developer/worktrees/item-147-live-session-resource-lifecycle/src/SIR.Server/wwwroot. Static files may be unavailable.
info: Microsoft.AspNetCore.DataProtection.KeyManagement.XmlKeyManager[62]
      User profile is available. Using '/home/developer/.aspnet/DataProtection-Keys' as key repository; keys will not be encrypted at rest.
warn: Microsoft.AspNetCore.StaticFiles.StaticFileMiddleware[16]
      The WebRootPath was not found: /home/developer/worktrees/item-147-live-session-resource-lifecycle/src/SIR.Server/wwwroot. Static files may be unavailable.
info: Microsoft.Hosting.Lifetime[0]
      Application started. Press Ctrl+C to shut down.
info: Microsoft.Hosting.Lifetime[0]
      Hosting environment: Production
info: Microsoft.Hosting.Lifetime[0]
      Content root path: /home/developer/worktrees/item-147-live-session-resource-lifecycle/src/SIR.Server
info: Microsoft.AspNetCore.Routing.EndpointMiddleware[0]
      Executing endpoint 'HTTP: POST /api/bootstrap =&gt; Invoke'
info: Microsoft.AspNetCore.Http.Result.BadRequestObjectResult[1]
      Setting HTTP status code 400.
info: Microsoft.AspNetCore.Http.Result.BadRequestObjectResult[3]
      Writing value of type '&lt;&gt;f__AnonymousType3781612660`1' as Json.
info: Microsoft.AspNetCore.Routing.EndpointMiddleware[1]
      Executed endpoint 'HTTP: POST /api/bootstrap =&gt; Invoke'
info: Microsoft.Hosting.Lifetime[0]
      Application is shutting down...
warn: Microsoft.AspNetCore.StaticFiles.StaticFileMiddleware[16]
      The WebRootPath was not found: /home/developer/worktrees/item-147-live-session-resource-lifecycle/src/SIR.Server/wwwroot. Static files may be unavailable.
info: Microsoft.AspNetCore.DataProtection.KeyManagement.XmlKeyManager[62]
      User profile is available. Using '/home/developer/.aspnet/DataProtection-Keys' as key repository; keys will not be encrypted at rest.
warn: Microsoft.AspNetCore.StaticFiles.StaticFileMiddleware[16]
      The WebRootPath was not found: /home/developer/worktrees/item-147-live-session-resource-lifecycle/src/SIR.Server/wwwroot. Static files may be unavailable.
info: Microsoft.Hosting.Lifetime[0]
      Application started. Press Ctrl+C to shut down.
info: Microsoft.Hosting.Lifetime[0]
      Hosting environment: Production
info: Microsoft.Hosting.Lifetime[0]
      Content root path: /home/developer/worktrees/item-147-live-session-resource-lifecycle/src/SIR.Server
info: Microsoft.AspNetCore.Routing.EndpointMiddleware[0]
      Executing endpoint 'HTTP: POST /api/bootstrap =&gt; Invoke'
info: Microsoft.AspNetCore.Http.Result.BadRequestObjectResult[1]
      Setting HTTP status code 400.
info: Microsoft.AspNetCore.Http.Result.BadRequestObjectResult[3]
      Writing value of type '&lt;&gt;f__AnonymousType3781612660`1' as Json.
info: Microsoft.AspNetCore.Routing.EndpointMiddleware[1]
      Executed endpoint 'HTTP: POST /api/bootstrap =&gt; Invoke'
info: Microsoft.Hosting.Lifetime[0]
      Application is shutting down...
warn: Microsoft.AspNetCore.StaticFiles.StaticFileMiddleware[16]
      The WebRootPath was not found: /home/developer/worktrees/item-147-live-session-resource-lifecycle/src/SIR.Server/wwwroot. Static files may be unavailable.
info: Microsoft.AspNetCore.DataProtection.KeyManagement.XmlKeyManager[62]
      User profile is available. Using '/home/developer/.aspnet/DataProtection-Keys' as key repository; keys will not be encrypted at rest.
warn: Microsoft.AspNetCore.StaticFiles.StaticFileMiddleware[16]
      The WebRootPath was not found: /home/developer/worktrees/item-147-live-session-resource-lifecycle/src/SIR.Server/wwwroot. Static files may be unavailable.
info: Microsoft.Hosting.Lifetime[0]
      Application started. Press Ctrl+C to shut down.
info: Microsoft.Hosting.Lifetime[0]
      Hosting environment: Production
info: Microsoft.Hosting.Lifetime[0]
      Content root path: /home/developer/worktrees/item-147-live-session-resource-lifecycle/src/SIR.Server
info: Microsoft.AspNetCore.Authorization.DefaultAuthorizationService[2]
      Authorization failed. These requirements were not met:
      DenyAnonymousAuthorizationRequirement: Requires an authenticated user.
info: Microsoft.AspNetCore.Authentication.JwtBearer.JwtBearerHandler[12]
      AuthenticationScheme: Bearer was challenged.
info: Microsoft.Hosting.Lifetime[0]
      Application is shutting down...
[xUnit.net 00:00:00.54]   Finished:    SIR.Server.Tests
</StdOut>
    </Output>
  </ResultSummary>
</TestRun>